<!DOCTYPE html>

<html>
  <head>
  <title>TestNG reports</title>

    <link type="text/css" href="testng-reports.css" rel="stylesheet" />  
    <script type="text/javascript" src="jquery-1.7.1.min.js"></script>
    <script type="text/javascript" src="testng-reports.js"></script>
    <script type="text/javascript" src="https://www.google.com/jsapi"></script>
    <script type='text/javascript'>
      google.load('visualization', '1', {packages:['table']});
      google.setOnLoadCallback(drawTable);
      var suiteTableInitFunctions = new Array();
      var suiteTableData = new Array();
    </script>
    <!--
      <script type="text/javascript" src="jquery-ui/js/jquery-ui-1.8.16.custom.min.js"></script>
     -->
  </head>

  <body>
    <div class="top-banner-root">
      <span class="top-banner-title-font">Test results</span>
      <br/>
      <span class="top-banner-font-1">1 suite, 15 failed tests</span>
    </div> <!-- top-banner-root -->
    <div class="navigator-root">
      <div class="navigator-suite-header">
        <span>All suites</span>
        <a href="#" class="collapse-all-link" title="Collapse/expand all the suites">
          <img class="collapse-all-icon" src="collapseall.gif">
          </img> <!-- collapse-all-icon -->
        </a> <!-- collapse-all-link -->
      </div> <!-- navigator-suite-header -->
      <div class="suite">
        <div class="rounded-window">
          <div class="suite-header light-rounded-window-top">
            <a href="#" class="navigator-link" panel-name="suite-Default_suite">
              <span class="suite-name border-failed">Default suite</span>
            </a> <!-- navigator-link -->
          </div> <!-- suite-header light-rounded-window-top -->
          <div class="navigator-suite-content">
            <div class="suite-section-title">
              <span>Info</span>
            </div> <!-- suite-section-title -->
            <div class="suite-section-content">
              <ul>
                <li>
                  <a href="#" class="navigator-link " panel-name="test-xml-Default_suite">
                    <span>C:\Users\Cedric\AppData\Local\Temp\testng-eclipse--1303378731\testng-customsuite.xml</span>
                  </a> <!-- navigator-link  -->
                </li>
                <li>
                  <a href="#" class="navigator-link " panel-name="testlist-Default_suite">
                    <span class="test-stats">1 test</span>
                  </a> <!-- navigator-link  -->
                </li>
                <li>
                  <a href="#" class="navigator-link " panel-name="group-Default_suite">
                    <span>0 groups</span>
                  </a> <!-- navigator-link  -->
                </li>
                <li>
                  <a href="#" class="navigator-link " panel-name="times-Default_suite">
                    <span>Times</span>
                  </a> <!-- navigator-link  -->
                </li>
                <li>
                  <a href="#" class="navigator-link " panel-name="reporter-Default_suite">
                    <span>Reporter output</span>
                  </a> <!-- navigator-link  -->
                </li>
                <li>
                  <a href="#" class="navigator-link " panel-name="ignored-methods-Default_suite">
                    <span>Ignored methods</span>
                  </a> <!-- navigator-link  -->
                </li>
                <li>
                  <a href="#" class="navigator-link " panel-name="chronological-Default_suite">
                    <span>Chronological view</span>
                  </a> <!-- navigator-link  -->
                </li>
              </ul>
            </div> <!-- suite-section-content -->
            <div class="result-section">
              <div class="suite-section-title">
                <span>Results</span>
              </div> <!-- suite-section-title -->
              <div class="suite-section-content">
                <ul>
                  <li>
                    <span class="method-stats">19 methods, 15 failed,   4 passed</span>
                  </li>
                  <li>
                    <span class="method-list-title failed">Failed methods</span>
                    <span class="show-or-hide-methods failed">
                      <a href="#" panel-name="suite-Default_suite" class="hide-methods failed suite-Default_suite"> (hide)</a> <!-- hide-methods failed suite-Default_suite -->
                      <a href="#" panel-name="suite-Default_suite" class="show-methods failed suite-Default_suite"> (show)</a> <!-- show-methods failed suite-Default_suite -->
                    </span>
                    <div class="method-list-content failed suite-Default_suite">
                      <span>
                        <img width="3%" src="failed.png"/>
                        <a href="#" class="method navigator-link" panel-name="suite-Default_suite" title="dhbw.dev.compiler.CompilerTest" hash-for-method="runningCode_outputsExpectedTest(!main {
	cmd &lt; ?#someFunction(22, true);
	cmd &lt; ?$someFunction(false);
	cmd &lt; 1337;
}

?#someF...)">runningCode_outputsExpectedTest(!main {
	cmd < ?#someFunction(22, true);
	cmd < ?$someFunction(false);
	cmd < 1337;
}

?#someF...)</a> <!-- method navigator-link -->
                      </span>
                      <br/>
                      <span>
                        <img width="3%" src="failed.png"/>
                        <a href="#" class="method navigator-link" panel-name="suite-Default_suite" title="dhbw.dev.compiler.CompilerTest" hash-for-method="runningCode_outputsExpectedTest(!main {
	$someBool = true;
	cmd &lt; $someBool;
	cmd &lt; $someBool!;
}, true
false
)">runningCode_outputsExpectedTest(!main {
	$someBool = true;
	cmd < $someBool;
	cmd < $someBool!;
}, true
false
)</a> <!-- method navigator-link -->
                      </span>
                      <br/>
                      <span>
                        <img width="3%" src="failed.png"/>
                        <a href="#" class="method navigator-link" panel-name="suite-Default_suite" title="dhbw.dev.compiler.CompilerTest" hash-for-method="runningCode_outputsExpectedTest(!main {
	!someMethod();
	!someMethod (43, true);
}

!someMethod #test $test2 {
	cmd &lt; 1337;
}...)">runningCode_outputsExpectedTest(!main {
	!someMethod();
	!someMethod (43, true);
}

!someMethod #test $test2 {
	cmd < 1337;
}...)</a> <!-- method navigator-link -->
                      </span>
                      <br/>
                      <span>
                        <img width="3%" src="failed.png"/>
                        <a href="#" class="method navigator-link" panel-name="suite-Default_suite" title="dhbw.dev.compiler.CompilerTest" hash-for-method="runningCode_outputsExpectedTest(!main {
	cmd &lt; 42 &lt; 1337 ;
	cmd &lt; 1337 &lt; 42 ;
	cmd &lt; 1337 &gt; 42 ;
	cmd &lt; 42 &gt; 1337 ;
}, true
fa...)">runningCode_outputsExpectedTest(!main {
	cmd < 42 < 1337 ;
	cmd < 1337 < 42 ;
	cmd < 1337 > 42 ;
	cmd < 42 > 1337 ;
}, true
fa...)</a> <!-- method navigator-link -->
                      </span>
                      <br/>
                      <span>
                        <img width="3%" src="failed.png"/>
                        <a href="#" class="method navigator-link" panel-name="suite-Default_suite" title="dhbw.dev.compiler.CompilerTest" hash-for-method="runningCode_outputsExpectedTest(!main {
	%%someDouble = %%~3;
	cmd &lt; %%someDouble;
	#someInt = #~3.2;
	cmd &lt; %%~#someInt;
}, 3....)">runningCode_outputsExpectedTest(!main {
	%%someDouble = %%~3;
	cmd < %%someDouble;
	#someInt = #~3.2;
	cmd < %%~#someInt;
}, 3....)</a> <!-- method navigator-link -->
                      </span>
                      <br/>
                      <span>
                        <img width="3%" src="failed.png"/>
                        <a href="#" class="method navigator-link" panel-name="suite-Default_suite" title="dhbw.dev.compiler.CompilerTest" hash-for-method="runningCode_outputsExpectedTest(!main {
	cmd &lt; true;
	cmd &lt; 42;
	#someInt = 1337;
	cmd &lt; #someInt;
}, true
42
1337
)">runningCode_outputsExpectedTest(!main {
	cmd < true;
	cmd < 42;
	#someInt = 1337;
	cmd < #someInt;
}, true
42
1337
)</a> <!-- method navigator-link -->
                      </span>
                      <br/>
                      <span>
                        <img width="3%" src="failed.png"/>
                        <a href="#" class="method navigator-link" panel-name="suite-Default_suite" title="dhbw.dev.compiler.CompilerTest" hash-for-method="runningCode_outputsExpectedTest(!main {
	#i=0;
	while (#i &lt; 10) {
		cmd &lt; #i;
		#i = #i+1;
	}
	
	#i = 0;
	do {
		cmd &lt; #i;...)">runningCode_outputsExpectedTest(!main {
	#i=0;
	while (#i < 10) {
		cmd < #i;
		#i = #i+1;
	}
	
	#i = 0;
	do {
		cmd < #i;...)</a> <!-- method navigator-link -->
                      </span>
                      <br/>
                      <span>
                        <img width="3%" src="failed.png"/>
                        <a href="#" class="method navigator-link" panel-name="suite-Default_suite" title="dhbw.dev.compiler.CompilerTest" hash-for-method="runningCode_outputsExpectedTest(!main {
	%%intToDouble = %%~1337;
	cmd &lt; %%intToDouble;
	
	$intToBool = $~42;
	cmd &lt; $intToBool...)">runningCode_outputsExpectedTest(!main {
	%%intToDouble = %%~1337;
	cmd < %%intToDouble;
	
	$intToBool = $~42;
	cmd < $intToBool...)</a> <!-- method navigator-link -->
                      </span>
                      <br/>
                      <span>
                        <img width="3%" src="failed.png"/>
                        <a href="#" class="method navigator-link" panel-name="suite-Default_suite" title="dhbw.dev.compiler.CompilerTest" hash-for-method="runningCode_outputsExpectedTest(!main {
	if( false ) {
		cmd &lt; 1;
	} else {
		cmd &lt; 2;
	}
	if( true ) {
		cmd &lt; 3;
	} else {...)">runningCode_outputsExpectedTest(!main {
	if( false ) {
		cmd < 1;
	} else {
		cmd < 2;
	}
	if( true ) {
		cmd < 3;
	} else {...)</a> <!-- method navigator-link -->
                      </span>
                      <br/>
                      <span>
                        <img width="3%" src="failed.png"/>
                        <a href="#" class="method navigator-link" panel-name="suite-Default_suite" title="dhbw.dev.compiler.CompilerTest" hash-for-method="runningCode_outputsExpectedTest(!main {
	cmd &lt; true &amp;&amp; true ;
	cmd &lt; true &amp;&amp; false ;
	cmd &lt; false &amp;&amp; true ;
	cmd &lt; false &amp;&amp; fals...)">runningCode_outputsExpectedTest(!main {
	cmd < true && true ;
	cmd < true && false ;
	cmd < false && true ;
	cmd < false && fals...)</a> <!-- method navigator-link -->
                      </span>
                      <br/>
                      <span>
                        <img width="3%" src="failed.png"/>
                        <a href="#" class="method navigator-link" panel-name="suite-Default_suite" title="dhbw.dev.compiler.CompilerTest" hash-for-method="runningCode_outputsExpectedTest(!main {
	cmd &lt; true == true ;
	cmd &lt; true == false ;
	cmd &lt; false == true ;
	cmd &lt; false == fals...)">runningCode_outputsExpectedTest(!main {
	cmd < true == true ;
	cmd < true == false ;
	cmd < false == true ;
	cmd < false == fals...)</a> <!-- method navigator-link -->
                      </span>
                      <br/>
                      <span>
                        <img width="3%" src="failed.png"/>
                        <a href="#" class="method navigator-link" panel-name="suite-Default_suite" title="dhbw.dev.compiler.CompilerTest" hash-for-method="runningCode_outputsExpectedTest(!main {
	cmd &lt; -42;
	#someInt = 1337;
	cmd &lt; -#someInt;
	#someInt = 2;
	cmd &lt; 3 +#someInt;
	cm...)">runningCode_outputsExpectedTest(!main {
	cmd < -42;
	#someInt = 1337;
	cmd < -#someInt;
	#someInt = 2;
	cmd < 3 +#someInt;
	cm...)</a> <!-- method navigator-link -->
                      </span>
                      <br/>
                      <span>
                        <img width="3%" src="failed.png"/>
                        <a href="#" class="method navigator-link" panel-name="suite-Default_suite" title="dhbw.dev.compiler.CompilerTest" hash-for-method="runningCode_outputsExpectedTest(!main {
	cmd &lt; true != true ;
	cmd &lt; true != false ;
	cmd &lt; false != true ;
	cmd &lt; false != fals...)">runningCode_outputsExpectedTest(!main {
	cmd < true != true ;
	cmd < true != false ;
	cmd < false != true ;
	cmd < false != fals...)</a> <!-- method navigator-link -->
                      </span>
                      <br/>
                      <span>
                        <img width="3%" src="failed.png"/>
                        <a href="#" class="method navigator-link" panel-name="suite-Default_suite" title="dhbw.dev.compiler.CompilerTest" hash-for-method="runningCode_outputsExpectedTest(!main {
	cmd &lt; true || true ;
	cmd &lt; true || false ;
	cmd &lt; false || true ;
	cmd &lt; false || fals...)">runningCode_outputsExpectedTest(!main {
	cmd < true || true ;
	cmd < true || false ;
	cmd < false || true ;
	cmd < false || fals...)</a> <!-- method navigator-link -->
                      </span>
                      <br/>
                      <span>
                        <img width="3%" src="failed.png"/>
                        <a href="#" class="method navigator-link" panel-name="suite-Default_suite" title="dhbw.dev.compiler.CompilerTest" hash-for-method="runningCode_outputsExpectedTest(!main {
	§someString = &quot;Hallo Welt&quot;;
	cmd &lt; §someString.&quot;!&quot;;
	cmd &lt; §someString.§~1;
}, Hallo We...)">runningCode_outputsExpectedTest(!main {
	§someString = "Hallo Welt";
	cmd < §someString."!";
	cmd < §someString.§~1;
}, Hallo We...)</a> <!-- method navigator-link -->
                      </span>
                      <br/>
                    </div> <!-- method-list-content failed suite-Default_suite -->
                  </li>
                  <li>
                    <span class="method-list-title passed">Passed methods</span>
                    <span class="show-or-hide-methods passed">
                      <a href="#" panel-name="suite-Default_suite" class="hide-methods passed suite-Default_suite"> (hide)</a> <!-- hide-methods passed suite-Default_suite -->
                      <a href="#" panel-name="suite-Default_suite" class="show-methods passed suite-Default_suite"> (show)</a> <!-- show-methods passed suite-Default_suite -->
                    </span>
                    <div class="method-list-content passed suite-Default_suite">
                      <span>
                        <img width="3%" src="passed.png"/>
                        <a href="#" class="method navigator-link" panel-name="suite-Default_suite" title="dhbw.dev.compiler.CompilerTest" hash-for-method="throws_DublicateFunctionException">throws_DublicateFunctionException</a> <!-- method navigator-link -->
                      </span>
                      <br/>
                      <span>
                        <img width="3%" src="passed.png"/>
                        <a href="#" class="method navigator-link" panel-name="suite-Default_suite" title="dhbw.dev.compiler.CompilerTest" hash-for-method="throws_RedefinedVariableException">throws_RedefinedVariableException</a> <!-- method navigator-link -->
                      </span>
                      <br/>
                      <span>
                        <img width="3%" src="passed.png"/>
                        <a href="#" class="method navigator-link" panel-name="suite-Default_suite" title="dhbw.dev.compiler.CompilerTest" hash-for-method="throws_UndeclaredVariableException">throws_UndeclaredVariableException</a> <!-- method navigator-link -->
                      </span>
                      <br/>
                      <span>
                        <img width="3%" src="passed.png"/>
                        <a href="#" class="method navigator-link" panel-name="suite-Default_suite" title="dhbw.dev.compiler.CompilerTest" hash-for-method="throws_UndefinedFunctionException">throws_UndefinedFunctionException</a> <!-- method navigator-link -->
                      </span>
                      <br/>
                    </div> <!-- method-list-content passed suite-Default_suite -->
                  </li>
                </ul>
              </div> <!-- suite-section-content -->
            </div> <!-- result-section -->
          </div> <!-- navigator-suite-content -->
        </div> <!-- rounded-window -->
      </div> <!-- suite -->
    </div> <!-- navigator-root -->
    <div class="wrapper">
      <div class="main-panel-root">
        <div panel-name="suite-Default_suite" class="panel Default_suite">
          <div class="suite-Default_suite-class-failed">
            <div class="main-panel-header rounded-window-top">
              <img src="failed.png"/>
              <span class="class-name">dhbw.dev.compiler.CompilerTest</span>
            </div> <!-- main-panel-header rounded-window-top -->
            <div class="main-panel-content rounded-window-bottom">
              <div class="method">
                <div class="method-content">
                  <a name="runningCode_outputsExpectedTest(!main {
	cmd &lt; ?#someFunction(22, true);
	cmd &lt; ?$someFunction(false);
	cmd &lt; 1337;
}

?#someF...)">
                  </a> <!-- runningCode_outputsExpectedTest(!main {
	cmd < ?#someFunction(22, true);
	cmd < ?$someFunction(false);
	cmd < 1337;
}

?#someF...) -->
                  <span class="method-name">runningCode_outputsExpectedTest</span>
                  <span class="parameters">(!main {
	cmd < ?#someFunction(22, true);
	cmd < ?$someFunction(false);
	cmd < 1337;
}

?#someFunction #zahl1 $test {
	return #zahl1+20;
}

?$someFunction $bool {
	return true && $bool;
}, 42
false
1337
)</span>
                  <div class="stack-trace">java.lang.AssertionError: expected [42
false
1337
] but found []
	at org.testng.Assert.fail(Assert.java:94)
	at org.testng.Assert.failNotEquals(Assert.java:494)
	at org.testng.Assert.assertEquals(Assert.java:123)
	at org.testng.Assert.assertEquals(Assert.java:176)
	at org.testng.Assert.assertEquals(Assert.java:186)
	at dhbw.dev.compiler.CompilerTest.runningCode_outputsExpectedTest(CompilerTest.java:58)
	at sun.reflect.NativeMethodAccessorImpl.invoke0(Native Method)
	at sun.reflect.NativeMethodAccessorImpl.invoke(Unknown Source)
	at sun.reflect.DelegatingMethodAccessorImpl.invoke(Unknown Source)
	at java.lang.reflect.Method.invoke(Unknown Source)
	at org.testng.internal.MethodInvocationHelper.invokeMethod(MethodInvocationHelper.java:84)
	at org.testng.internal.Invoker.invokeMethod(Invoker.java:714)
	at org.testng.internal.Invoker.invokeTestMethod(Invoker.java:901)
	at org.testng.internal.Invoker.invokeTestMethods(Invoker.java:1231)
	at org.testng.internal.TestMethodWorker.invokeTestMethods(TestMethodWorker.java:127)
	at org.testng.internal.TestMethodWorker.run(TestMethodWorker.java:111)
	at org.testng.TestRunner.privateRun(TestRunner.java:767)
	at org.testng.TestRunner.run(TestRunner.java:617)
	at org.testng.SuiteRunner.runTest(SuiteRunner.java:334)
	at org.testng.SuiteRunner.runSequentially(SuiteRunner.java:329)
	at org.testng.SuiteRunner.privateRun(SuiteRunner.java:291)
	at org.testng.SuiteRunner.run(SuiteRunner.java:240)
	at org.testng.SuiteRunnerWorker.runSuite(SuiteRunnerWorker.java:52)
	at org.testng.SuiteRunnerWorker.run(SuiteRunnerWorker.java:86)
	at org.testng.TestNG.runSuitesSequentially(TestNG.java:1224)
	at org.testng.TestNG.runSuitesLocally(TestNG.java:1149)
	at org.testng.TestNG.run(TestNG.java:1057)
	at org.testng.remote.RemoteTestNG.run(RemoteTestNG.java:111)
	at org.testng.remote.RemoteTestNG.initAndRun(RemoteTestNG.java:204)
	at org.testng.remote.RemoteTestNG.main(RemoteTestNG.java:175)

</div> <!-- stack-trace -->
                </div> <!-- method-content -->
              </div> <!-- method -->
              <div class="method">
                <div class="method-content">
                  <a name="runningCode_outputsExpectedTest(!main {
	$someBool = true;
	cmd &lt; $someBool;
	cmd &lt; $someBool!;
}, true
false
)">
                  </a> <!-- runningCode_outputsExpectedTest(!main {
	$someBool = true;
	cmd < $someBool;
	cmd < $someBool!;
}, true
false
) -->
                  <span class="method-name">runningCode_outputsExpectedTest</span>
                  <span class="parameters">(!main {
	$someBool = true;
	cmd < $someBool;
	cmd < $someBool!;
}, true
false
)</span>
                  <div class="stack-trace">java.lang.AssertionError: expected [true
false
] but found []
	at org.testng.Assert.fail(Assert.java:94)
	at org.testng.Assert.failNotEquals(Assert.java:494)
	at org.testng.Assert.assertEquals(Assert.java:123)
	at org.testng.Assert.assertEquals(Assert.java:176)
	at org.testng.Assert.assertEquals(Assert.java:186)
	at dhbw.dev.compiler.CompilerTest.runningCode_outputsExpectedTest(CompilerTest.java:58)
	at sun.reflect.NativeMethodAccessorImpl.invoke0(Native Method)
	at sun.reflect.NativeMethodAccessorImpl.invoke(Unknown Source)
	at sun.reflect.DelegatingMethodAccessorImpl.invoke(Unknown Source)
	at java.lang.reflect.Method.invoke(Unknown Source)
	at org.testng.internal.MethodInvocationHelper.invokeMethod(MethodInvocationHelper.java:84)
	at org.testng.internal.Invoker.invokeMethod(Invoker.java:714)
	at org.testng.internal.Invoker.invokeTestMethod(Invoker.java:901)
	at org.testng.internal.Invoker.invokeTestMethods(Invoker.java:1231)
	at org.testng.internal.TestMethodWorker.invokeTestMethods(TestMethodWorker.java:127)
	at org.testng.internal.TestMethodWorker.run(TestMethodWorker.java:111)
	at org.testng.TestRunner.privateRun(TestRunner.java:767)
	at org.testng.TestRunner.run(TestRunner.java:617)
	at org.testng.SuiteRunner.runTest(SuiteRunner.java:334)
	at org.testng.SuiteRunner.runSequentially(SuiteRunner.java:329)
	at org.testng.SuiteRunner.privateRun(SuiteRunner.java:291)
	at org.testng.SuiteRunner.run(SuiteRunner.java:240)
	at org.testng.SuiteRunnerWorker.runSuite(SuiteRunnerWorker.java:52)
	at org.testng.SuiteRunnerWorker.run(SuiteRunnerWorker.java:86)
	at org.testng.TestNG.runSuitesSequentially(TestNG.java:1224)
	at org.testng.TestNG.runSuitesLocally(TestNG.java:1149)
	at org.testng.TestNG.run(TestNG.java:1057)
	at org.testng.remote.RemoteTestNG.run(RemoteTestNG.java:111)
	at org.testng.remote.RemoteTestNG.initAndRun(RemoteTestNG.java:204)
	at org.testng.remote.RemoteTestNG.main(RemoteTestNG.java:175)

</div> <!-- stack-trace -->
                </div> <!-- method-content -->
              </div> <!-- method -->
              <div class="method">
                <div class="method-content">
                  <a name="runningCode_outputsExpectedTest(!main {
	!someMethod();
	!someMethod (43, true);
}

!someMethod #test $test2 {
	cmd &lt; 1337;
}...)">
                  </a> <!-- runningCode_outputsExpectedTest(!main {
	!someMethod();
	!someMethod (43, true);
}

!someMethod #test $test2 {
	cmd < 1337;
}...) -->
                  <span class="method-name">runningCode_outputsExpectedTest</span>
                  <span class="parameters">(!main {
	!someMethod();
	!someMethod (43, true);
}

!someMethod #test $test2 {
	cmd < 1337;
}

!someMethod {
	cmd < 42;
}, 42
1337
)</span>
                  <div class="stack-trace">java.lang.AssertionError: expected [42
1337
] but found []
	at org.testng.Assert.fail(Assert.java:94)
	at org.testng.Assert.failNotEquals(Assert.java:494)
	at org.testng.Assert.assertEquals(Assert.java:123)
	at org.testng.Assert.assertEquals(Assert.java:176)
	at org.testng.Assert.assertEquals(Assert.java:186)
	at dhbw.dev.compiler.CompilerTest.runningCode_outputsExpectedTest(CompilerTest.java:58)
	at sun.reflect.NativeMethodAccessorImpl.invoke0(Native Method)
	at sun.reflect.NativeMethodAccessorImpl.invoke(Unknown Source)
	at sun.reflect.DelegatingMethodAccessorImpl.invoke(Unknown Source)
	at java.lang.reflect.Method.invoke(Unknown Source)
	at org.testng.internal.MethodInvocationHelper.invokeMethod(MethodInvocationHelper.java:84)
	at org.testng.internal.Invoker.invokeMethod(Invoker.java:714)
	at org.testng.internal.Invoker.invokeTestMethod(Invoker.java:901)
	at org.testng.internal.Invoker.invokeTestMethods(Invoker.java:1231)
	at org.testng.internal.TestMethodWorker.invokeTestMethods(TestMethodWorker.java:127)
	at org.testng.internal.TestMethodWorker.run(TestMethodWorker.java:111)
	at org.testng.TestRunner.privateRun(TestRunner.java:767)
	at org.testng.TestRunner.run(TestRunner.java:617)
	at org.testng.SuiteRunner.runTest(SuiteRunner.java:334)
	at org.testng.SuiteRunner.runSequentially(SuiteRunner.java:329)
	at org.testng.SuiteRunner.privateRun(SuiteRunner.java:291)
	at org.testng.SuiteRunner.run(SuiteRunner.java:240)
	at org.testng.SuiteRunnerWorker.runSuite(SuiteRunnerWorker.java:52)
	at org.testng.SuiteRunnerWorker.run(SuiteRunnerWorker.java:86)
	at org.testng.TestNG.runSuitesSequentially(TestNG.java:1224)
	at org.testng.TestNG.runSuitesLocally(TestNG.java:1149)
	at org.testng.TestNG.run(TestNG.java:1057)
	at org.testng.remote.RemoteTestNG.run(RemoteTestNG.java:111)
	at org.testng.remote.RemoteTestNG.initAndRun(RemoteTestNG.java:204)
	at org.testng.remote.RemoteTestNG.main(RemoteTestNG.java:175)

</div> <!-- stack-trace -->
                </div> <!-- method-content -->
              </div> <!-- method -->
              <div class="method">
                <div class="method-content">
                  <a name="runningCode_outputsExpectedTest(!main {
	cmd &lt; 42 &lt; 1337 ;
	cmd &lt; 1337 &lt; 42 ;
	cmd &lt; 1337 &gt; 42 ;
	cmd &lt; 42 &gt; 1337 ;
}, true
fa...)">
                  </a> <!-- runningCode_outputsExpectedTest(!main {
	cmd < 42 < 1337 ;
	cmd < 1337 < 42 ;
	cmd < 1337 > 42 ;
	cmd < 42 > 1337 ;
}, true
fa...) -->
                  <span class="method-name">runningCode_outputsExpectedTest</span>
                  <span class="parameters">(!main {
	cmd < 42 < 1337 ;
	cmd < 1337 < 42 ;
	cmd < 1337 > 42 ;
	cmd < 42 > 1337 ;
}, true
false
true
false
)</span>
                  <div class="stack-trace">java.lang.AssertionError: expected [true
false
true
false
] but found []
	at org.testng.Assert.fail(Assert.java:94)
	at org.testng.Assert.failNotEquals(Assert.java:494)
	at org.testng.Assert.assertEquals(Assert.java:123)
	at org.testng.Assert.assertEquals(Assert.java:176)
	at org.testng.Assert.assertEquals(Assert.java:186)
	at dhbw.dev.compiler.CompilerTest.runningCode_outputsExpectedTest(CompilerTest.java:58)
	at sun.reflect.NativeMethodAccessorImpl.invoke0(Native Method)
	at sun.reflect.NativeMethodAccessorImpl.invoke(Unknown Source)
	at sun.reflect.DelegatingMethodAccessorImpl.invoke(Unknown Source)
	at java.lang.reflect.Method.invoke(Unknown Source)
	at org.testng.internal.MethodInvocationHelper.invokeMethod(MethodInvocationHelper.java:84)
	at org.testng.internal.Invoker.invokeMethod(Invoker.java:714)
	at org.testng.internal.Invoker.invokeTestMethod(Invoker.java:901)
	at org.testng.internal.Invoker.invokeTestMethods(Invoker.java:1231)
	at org.testng.internal.TestMethodWorker.invokeTestMethods(TestMethodWorker.java:127)
	at org.testng.internal.TestMethodWorker.run(TestMethodWorker.java:111)
	at org.testng.TestRunner.privateRun(TestRunner.java:767)
	at org.testng.TestRunner.run(TestRunner.java:617)
	at org.testng.SuiteRunner.runTest(SuiteRunner.java:334)
	at org.testng.SuiteRunner.runSequentially(SuiteRunner.java:329)
	at org.testng.SuiteRunner.privateRun(SuiteRunner.java:291)
	at org.testng.SuiteRunner.run(SuiteRunner.java:240)
	at org.testng.SuiteRunnerWorker.runSuite(SuiteRunnerWorker.java:52)
	at org.testng.SuiteRunnerWorker.run(SuiteRunnerWorker.java:86)
	at org.testng.TestNG.runSuitesSequentially(TestNG.java:1224)
	at org.testng.TestNG.runSuitesLocally(TestNG.java:1149)
	at org.testng.TestNG.run(TestNG.java:1057)
	at org.testng.remote.RemoteTestNG.run(RemoteTestNG.java:111)
	at org.testng.remote.RemoteTestNG.initAndRun(RemoteTestNG.java:204)
	at org.testng.remote.RemoteTestNG.main(RemoteTestNG.java:175)

</div> <!-- stack-trace -->
                </div> <!-- method-content -->
              </div> <!-- method -->
              <div class="method">
                <div class="method-content">
                  <a name="runningCode_outputsExpectedTest(!main {
	%%someDouble = %%~3;
	cmd &lt; %%someDouble;
	#someInt = #~3.2;
	cmd &lt; %%~#someInt;
}, 3....)">
                  </a> <!-- runningCode_outputsExpectedTest(!main {
	%%someDouble = %%~3;
	cmd < %%someDouble;
	#someInt = #~3.2;
	cmd < %%~#someInt;
}, 3....) -->
                  <span class="method-name">runningCode_outputsExpectedTest</span>
                  <span class="parameters">(!main {
	%%someDouble = %%~3;
	cmd < %%someDouble;
	#someInt = #~3.2;
	cmd < %%~#someInt;
}, 3.0
3.0
)</span>
                  <div class="stack-trace">java.lang.AssertionError: expected [3.0
3.0
] but found []
	at org.testng.Assert.fail(Assert.java:94)
	at org.testng.Assert.failNotEquals(Assert.java:494)
	at org.testng.Assert.assertEquals(Assert.java:123)
	at org.testng.Assert.assertEquals(Assert.java:176)
	at org.testng.Assert.assertEquals(Assert.java:186)
	at dhbw.dev.compiler.CompilerTest.runningCode_outputsExpectedTest(CompilerTest.java:58)
	at sun.reflect.NativeMethodAccessorImpl.invoke0(Native Method)
	at sun.reflect.NativeMethodAccessorImpl.invoke(Unknown Source)
	at sun.reflect.DelegatingMethodAccessorImpl.invoke(Unknown Source)
	at java.lang.reflect.Method.invoke(Unknown Source)
	at org.testng.internal.MethodInvocationHelper.invokeMethod(MethodInvocationHelper.java:84)
	at org.testng.internal.Invoker.invokeMethod(Invoker.java:714)
	at org.testng.internal.Invoker.invokeTestMethod(Invoker.java:901)
	at org.testng.internal.Invoker.invokeTestMethods(Invoker.java:1231)
	at org.testng.internal.TestMethodWorker.invokeTestMethods(TestMethodWorker.java:127)
	at org.testng.internal.TestMethodWorker.run(TestMethodWorker.java:111)
	at org.testng.TestRunner.privateRun(TestRunner.java:767)
	at org.testng.TestRunner.run(TestRunner.java:617)
	at org.testng.SuiteRunner.runTest(SuiteRunner.java:334)
	at org.testng.SuiteRunner.runSequentially(SuiteRunner.java:329)
	at org.testng.SuiteRunner.privateRun(SuiteRunner.java:291)
	at org.testng.SuiteRunner.run(SuiteRunner.java:240)
	at org.testng.SuiteRunnerWorker.runSuite(SuiteRunnerWorker.java:52)
	at org.testng.SuiteRunnerWorker.run(SuiteRunnerWorker.java:86)
	at org.testng.TestNG.runSuitesSequentially(TestNG.java:1224)
	at org.testng.TestNG.runSuitesLocally(TestNG.java:1149)
	at org.testng.TestNG.run(TestNG.java:1057)
	at org.testng.remote.RemoteTestNG.run(RemoteTestNG.java:111)
	at org.testng.remote.RemoteTestNG.initAndRun(RemoteTestNG.java:204)
	at org.testng.remote.RemoteTestNG.main(RemoteTestNG.java:175)

</div> <!-- stack-trace -->
                </div> <!-- method-content -->
              </div> <!-- method -->
              <div class="method">
                <div class="method-content">
                  <a name="runningCode_outputsExpectedTest(!main {
	cmd &lt; true;
	cmd &lt; 42;
	#someInt = 1337;
	cmd &lt; #someInt;
}, true
42
1337
)">
                  </a> <!-- runningCode_outputsExpectedTest(!main {
	cmd < true;
	cmd < 42;
	#someInt = 1337;
	cmd < #someInt;
}, true
42
1337
) -->
                  <span class="method-name">runningCode_outputsExpectedTest</span>
                  <span class="parameters">(!main {
	cmd < true;
	cmd < 42;
	#someInt = 1337;
	cmd < #someInt;
}, true
42
1337
)</span>
                  <div class="stack-trace">java.lang.AssertionError: expected [true
42
1337
] but found []
	at org.testng.Assert.fail(Assert.java:94)
	at org.testng.Assert.failNotEquals(Assert.java:494)
	at org.testng.Assert.assertEquals(Assert.java:123)
	at org.testng.Assert.assertEquals(Assert.java:176)
	at org.testng.Assert.assertEquals(Assert.java:186)
	at dhbw.dev.compiler.CompilerTest.runningCode_outputsExpectedTest(CompilerTest.java:58)
	at sun.reflect.NativeMethodAccessorImpl.invoke0(Native Method)
	at sun.reflect.NativeMethodAccessorImpl.invoke(Unknown Source)
	at sun.reflect.DelegatingMethodAccessorImpl.invoke(Unknown Source)
	at java.lang.reflect.Method.invoke(Unknown Source)
	at org.testng.internal.MethodInvocationHelper.invokeMethod(MethodInvocationHelper.java:84)
	at org.testng.internal.Invoker.invokeMethod(Invoker.java:714)
	at org.testng.internal.Invoker.invokeTestMethod(Invoker.java:901)
	at org.testng.internal.Invoker.invokeTestMethods(Invoker.java:1231)
	at org.testng.internal.TestMethodWorker.invokeTestMethods(TestMethodWorker.java:127)
	at org.testng.internal.TestMethodWorker.run(TestMethodWorker.java:111)
	at org.testng.TestRunner.privateRun(TestRunner.java:767)
	at org.testng.TestRunner.run(TestRunner.java:617)
	at org.testng.SuiteRunner.runTest(SuiteRunner.java:334)
	at org.testng.SuiteRunner.runSequentially(SuiteRunner.java:329)
	at org.testng.SuiteRunner.privateRun(SuiteRunner.java:291)
	at org.testng.SuiteRunner.run(SuiteRunner.java:240)
	at org.testng.SuiteRunnerWorker.runSuite(SuiteRunnerWorker.java:52)
	at org.testng.SuiteRunnerWorker.run(SuiteRunnerWorker.java:86)
	at org.testng.TestNG.runSuitesSequentially(TestNG.java:1224)
	at org.testng.TestNG.runSuitesLocally(TestNG.java:1149)
	at org.testng.TestNG.run(TestNG.java:1057)
	at org.testng.remote.RemoteTestNG.run(RemoteTestNG.java:111)
	at org.testng.remote.RemoteTestNG.initAndRun(RemoteTestNG.java:204)
	at org.testng.remote.RemoteTestNG.main(RemoteTestNG.java:175)

</div> <!-- stack-trace -->
                </div> <!-- method-content -->
              </div> <!-- method -->
              <div class="method">
                <div class="method-content">
                  <a name="runningCode_outputsExpectedTest(!main {
	#i=0;
	while (#i &lt; 10) {
		cmd &lt; #i;
		#i = #i+1;
	}
	
	#i = 0;
	do {
		cmd &lt; #i;...)">
                  </a> <!-- runningCode_outputsExpectedTest(!main {
	#i=0;
	while (#i < 10) {
		cmd < #i;
		#i = #i+1;
	}
	
	#i = 0;
	do {
		cmd < #i;...) -->
                  <span class="method-name">runningCode_outputsExpectedTest</span>
                  <span class="parameters">(!main {
	#i=0;
	while (#i < 10) {
		cmd < #i;
		#i = #i+1;
	}
	
	#i = 0;
	do {
		cmd < #i;
		#i = #i +1;
	} while #i < 10;
}, 0
1
2
3
4
5
6
7
8
9
0
1
2
3
4
5
6
7
8
9
)</span>
                  <div class="stack-trace">java.lang.AssertionError: expected [0
1
2
3
4
5
6
7
8
9
0
1
2
3
4
5
6
7
8
9
] but found []
	at org.testng.Assert.fail(Assert.java:94)
	at org.testng.Assert.failNotEquals(Assert.java:494)
	at org.testng.Assert.assertEquals(Assert.java:123)
	at org.testng.Assert.assertEquals(Assert.java:176)
	at org.testng.Assert.assertEquals(Assert.java:186)
	at dhbw.dev.compiler.CompilerTest.runningCode_outputsExpectedTest(CompilerTest.java:58)
	at sun.reflect.NativeMethodAccessorImpl.invoke0(Native Method)
	at sun.reflect.NativeMethodAccessorImpl.invoke(Unknown Source)
	at sun.reflect.DelegatingMethodAccessorImpl.invoke(Unknown Source)
	at java.lang.reflect.Method.invoke(Unknown Source)
	at org.testng.internal.MethodInvocationHelper.invokeMethod(MethodInvocationHelper.java:84)
	at org.testng.internal.Invoker.invokeMethod(Invoker.java:714)
	at org.testng.internal.Invoker.invokeTestMethod(Invoker.java:901)
	at org.testng.internal.Invoker.invokeTestMethods(Invoker.java:1231)
	at org.testng.internal.TestMethodWorker.invokeTestMethods(TestMethodWorker.java:127)
	at org.testng.internal.TestMethodWorker.run(TestMethodWorker.java:111)
	at org.testng.TestRunner.privateRun(TestRunner.java:767)
	at org.testng.TestRunner.run(TestRunner.java:617)
	at org.testng.SuiteRunner.runTest(SuiteRunner.java:334)
	at org.testng.SuiteRunner.runSequentially(SuiteRunner.java:329)
	at org.testng.SuiteRunner.privateRun(SuiteRunner.java:291)
	at org.testng.SuiteRunner.run(SuiteRunner.java:240)
	at org.testng.SuiteRunnerWorker.runSuite(SuiteRunnerWorker.java:52)
	at org.testng.SuiteRunnerWorker.run(SuiteRunnerWorker.java:86)
	at org.testng.TestNG.runSuitesSequentially(TestNG.java:1224)
	at org.testng.TestNG.runSuitesLocally(TestNG.java:1149)
	at org.testng.TestNG.run(TestNG.java:1057)
	at org.testng.remote.RemoteTestNG.run(RemoteTestNG.java:111)
	at org.testng.remote.RemoteTestNG.initAndRun(RemoteTestNG.java:204)
	at org.testng.remote.RemoteTestNG.main(RemoteTestNG.java:175)

</div> <!-- stack-trace -->
                </div> <!-- method-content -->
              </div> <!-- method -->
              <div class="method">
                <div class="method-content">
                  <a name="runningCode_outputsExpectedTest(!main {
	%%intToDouble = %%~1337;
	cmd &lt; %%intToDouble;
	
	$intToBool = $~42;
	cmd &lt; $intToBool...)">
                  </a> <!-- runningCode_outputsExpectedTest(!main {
	%%intToDouble = %%~1337;
	cmd < %%intToDouble;
	
	$intToBool = $~42;
	cmd < $intToBool...) -->
                  <span class="method-name">runningCode_outputsExpectedTest</span>
                  <span class="parameters">(!main {
	%%intToDouble = %%~1337;
	cmd < %%intToDouble;
	
	$intToBool = $~42;
	cmd < $intToBool;
	
	§intToString = §~1421;
	cmd < §intToString;
	
	cmd < "";
	
	#someDoubleToInt = #~1.3;
	cmd < #someDoubleToInt;
	
	cmd < "";
	
	#someIntFromString = #~"42";
	cmd < #someIntFromString;
}, 1337.0
true
1421

1

42
)</span>
                  <div class="stack-trace">java.lang.AssertionError: expected [1337.0
true
1421

1

42
] but found []
	at org.testng.Assert.fail(Assert.java:94)
	at org.testng.Assert.failNotEquals(Assert.java:494)
	at org.testng.Assert.assertEquals(Assert.java:123)
	at org.testng.Assert.assertEquals(Assert.java:176)
	at org.testng.Assert.assertEquals(Assert.java:186)
	at dhbw.dev.compiler.CompilerTest.runningCode_outputsExpectedTest(CompilerTest.java:58)
	at sun.reflect.NativeMethodAccessorImpl.invoke0(Native Method)
	at sun.reflect.NativeMethodAccessorImpl.invoke(Unknown Source)
	at sun.reflect.DelegatingMethodAccessorImpl.invoke(Unknown Source)
	at java.lang.reflect.Method.invoke(Unknown Source)
	at org.testng.internal.MethodInvocationHelper.invokeMethod(MethodInvocationHelper.java:84)
	at org.testng.internal.Invoker.invokeMethod(Invoker.java:714)
	at org.testng.internal.Invoker.invokeTestMethod(Invoker.java:901)
	at org.testng.internal.Invoker.invokeTestMethods(Invoker.java:1231)
	at org.testng.internal.TestMethodWorker.invokeTestMethods(TestMethodWorker.java:127)
	at org.testng.internal.TestMethodWorker.run(TestMethodWorker.java:111)
	at org.testng.TestRunner.privateRun(TestRunner.java:767)
	at org.testng.TestRunner.run(TestRunner.java:617)
	at org.testng.SuiteRunner.runTest(SuiteRunner.java:334)
	at org.testng.SuiteRunner.runSequentially(SuiteRunner.java:329)
	at org.testng.SuiteRunner.privateRun(SuiteRunner.java:291)
	at org.testng.SuiteRunner.run(SuiteRunner.java:240)
	at org.testng.SuiteRunnerWorker.runSuite(SuiteRunnerWorker.java:52)
	at org.testng.SuiteRunnerWorker.run(SuiteRunnerWorker.java:86)
	at org.testng.TestNG.runSuitesSequentially(TestNG.java:1224)
	at org.testng.TestNG.runSuitesLocally(TestNG.java:1149)
	at org.testng.TestNG.run(TestNG.java:1057)
	at org.testng.remote.RemoteTestNG.run(RemoteTestNG.java:111)
	at org.testng.remote.RemoteTestNG.initAndRun(RemoteTestNG.java:204)
	at org.testng.remote.RemoteTestNG.main(RemoteTestNG.java:175)

</div> <!-- stack-trace -->
                </div> <!-- method-content -->
              </div> <!-- method -->
              <div class="method">
                <div class="method-content">
                  <a name="runningCode_outputsExpectedTest(!main {
	if( false ) {
		cmd &lt; 1;
	} else {
		cmd &lt; 2;
	}
	if( true ) {
		cmd &lt; 3;
	} else {...)">
                  </a> <!-- runningCode_outputsExpectedTest(!main {
	if( false ) {
		cmd < 1;
	} else {
		cmd < 2;
	}
	if( true ) {
		cmd < 3;
	} else {...) -->
                  <span class="method-name">runningCode_outputsExpectedTest</span>
                  <span class="parameters">(!main {
	if( false ) {
		cmd < 1;
	} else {
		cmd < 2;
	}
	if( true ) {
		cmd < 3;
	} else {
		cmd < 4;
	}
	if ( true ) {
		cmd < 5;
	}
	if ( false ) {
		cmd < 6;
	}
	if ( true ) {
		if ( true ) {
			cmd < 7;
		} else {
			cmd < 8;
		}
	}
}, 2
3
5
7
)</span>
                  <div class="stack-trace">java.lang.AssertionError: expected [2
3
5
7
] but found []
	at org.testng.Assert.fail(Assert.java:94)
	at org.testng.Assert.failNotEquals(Assert.java:494)
	at org.testng.Assert.assertEquals(Assert.java:123)
	at org.testng.Assert.assertEquals(Assert.java:176)
	at org.testng.Assert.assertEquals(Assert.java:186)
	at dhbw.dev.compiler.CompilerTest.runningCode_outputsExpectedTest(CompilerTest.java:58)
	at sun.reflect.NativeMethodAccessorImpl.invoke0(Native Method)
	at sun.reflect.NativeMethodAccessorImpl.invoke(Unknown Source)
	at sun.reflect.DelegatingMethodAccessorImpl.invoke(Unknown Source)
	at java.lang.reflect.Method.invoke(Unknown Source)
	at org.testng.internal.MethodInvocationHelper.invokeMethod(MethodInvocationHelper.java:84)
	at org.testng.internal.Invoker.invokeMethod(Invoker.java:714)
	at org.testng.internal.Invoker.invokeTestMethod(Invoker.java:901)
	at org.testng.internal.Invoker.invokeTestMethods(Invoker.java:1231)
	at org.testng.internal.TestMethodWorker.invokeTestMethods(TestMethodWorker.java:127)
	at org.testng.internal.TestMethodWorker.run(TestMethodWorker.java:111)
	at org.testng.TestRunner.privateRun(TestRunner.java:767)
	at org.testng.TestRunner.run(TestRunner.java:617)
	at org.testng.SuiteRunner.runTest(SuiteRunner.java:334)
	at org.testng.SuiteRunner.runSequentially(SuiteRunner.java:329)
	at org.testng.SuiteRunner.privateRun(SuiteRunner.java:291)
	at org.testng.SuiteRunner.run(SuiteRunner.java:240)
	at org.testng.SuiteRunnerWorker.runSuite(SuiteRunnerWorker.java:52)
	at org.testng.SuiteRunnerWorker.run(SuiteRunnerWorker.java:86)
	at org.testng.TestNG.runSuitesSequentially(TestNG.java:1224)
	at org.testng.TestNG.runSuitesLocally(TestNG.java:1149)
	at org.testng.TestNG.run(TestNG.java:1057)
	at org.testng.remote.RemoteTestNG.run(RemoteTestNG.java:111)
	at org.testng.remote.RemoteTestNG.initAndRun(RemoteTestNG.java:204)
	at org.testng.remote.RemoteTestNG.main(RemoteTestNG.java:175)

</div> <!-- stack-trace -->
                </div> <!-- method-content -->
              </div> <!-- method -->
              <div class="method">
                <div class="method-content">
                  <a name="runningCode_outputsExpectedTest(!main {
	cmd &lt; true &amp;&amp; true ;
	cmd &lt; true &amp;&amp; false ;
	cmd &lt; false &amp;&amp; true ;
	cmd &lt; false &amp;&amp; fals...)">
                  </a> <!-- runningCode_outputsExpectedTest(!main {
	cmd < true && true ;
	cmd < true && false ;
	cmd < false && true ;
	cmd < false && fals...) -->
                  <span class="method-name">runningCode_outputsExpectedTest</span>
                  <span class="parameters">(!main {
	cmd < true && true ;
	cmd < true && false ;
	cmd < false && true ;
	cmd < false && false ;
}, true
false
false
false
)</span>
                  <div class="stack-trace">java.lang.AssertionError: expected [true
false
false
false
] but found []
	at org.testng.Assert.fail(Assert.java:94)
	at org.testng.Assert.failNotEquals(Assert.java:494)
	at org.testng.Assert.assertEquals(Assert.java:123)
	at org.testng.Assert.assertEquals(Assert.java:176)
	at org.testng.Assert.assertEquals(Assert.java:186)
	at dhbw.dev.compiler.CompilerTest.runningCode_outputsExpectedTest(CompilerTest.java:58)
	at sun.reflect.NativeMethodAccessorImpl.invoke0(Native Method)
	at sun.reflect.NativeMethodAccessorImpl.invoke(Unknown Source)
	at sun.reflect.DelegatingMethodAccessorImpl.invoke(Unknown Source)
	at java.lang.reflect.Method.invoke(Unknown Source)
	at org.testng.internal.MethodInvocationHelper.invokeMethod(MethodInvocationHelper.java:84)
	at org.testng.internal.Invoker.invokeMethod(Invoker.java:714)
	at org.testng.internal.Invoker.invokeTestMethod(Invoker.java:901)
	at org.testng.internal.Invoker.invokeTestMethods(Invoker.java:1231)
	at org.testng.internal.TestMethodWorker.invokeTestMethods(TestMethodWorker.java:127)
	at org.testng.internal.TestMethodWorker.run(TestMethodWorker.java:111)
	at org.testng.TestRunner.privateRun(TestRunner.java:767)
	at org.testng.TestRunner.run(TestRunner.java:617)
	at org.testng.SuiteRunner.runTest(SuiteRunner.java:334)
	at org.testng.SuiteRunner.runSequentially(SuiteRunner.java:329)
	at org.testng.SuiteRunner.privateRun(SuiteRunner.java:291)
	at org.testng.SuiteRunner.run(SuiteRunner.java:240)
	at org.testng.SuiteRunnerWorker.runSuite(SuiteRunnerWorker.java:52)
	at org.testng.SuiteRunnerWorker.run(SuiteRunnerWorker.java:86)
	at org.testng.TestNG.runSuitesSequentially(TestNG.java:1224)
	at org.testng.TestNG.runSuitesLocally(TestNG.java:1149)
	at org.testng.TestNG.run(TestNG.java:1057)
	at org.testng.remote.RemoteTestNG.run(RemoteTestNG.java:111)
	at org.testng.remote.RemoteTestNG.initAndRun(RemoteTestNG.java:204)
	at org.testng.remote.RemoteTestNG.main(RemoteTestNG.java:175)

</div> <!-- stack-trace -->
                </div> <!-- method-content -->
              </div> <!-- method -->
              <div class="method">
                <div class="method-content">
                  <a name="runningCode_outputsExpectedTest(!main {
	cmd &lt; true == true ;
	cmd &lt; true == false ;
	cmd &lt; false == true ;
	cmd &lt; false == fals...)">
                  </a> <!-- runningCode_outputsExpectedTest(!main {
	cmd < true == true ;
	cmd < true == false ;
	cmd < false == true ;
	cmd < false == fals...) -->
                  <span class="method-name">runningCode_outputsExpectedTest</span>
                  <span class="parameters">(!main {
	cmd < true == true ;
	cmd < true == false ;
	cmd < false == true ;
	cmd < false == false ;
}, true
false
false
true
)</span>
                  <div class="stack-trace">java.lang.AssertionError: expected [true
false
false
true
] but found []
	at org.testng.Assert.fail(Assert.java:94)
	at org.testng.Assert.failNotEquals(Assert.java:494)
	at org.testng.Assert.assertEquals(Assert.java:123)
	at org.testng.Assert.assertEquals(Assert.java:176)
	at org.testng.Assert.assertEquals(Assert.java:186)
	at dhbw.dev.compiler.CompilerTest.runningCode_outputsExpectedTest(CompilerTest.java:58)
	at sun.reflect.NativeMethodAccessorImpl.invoke0(Native Method)
	at sun.reflect.NativeMethodAccessorImpl.invoke(Unknown Source)
	at sun.reflect.DelegatingMethodAccessorImpl.invoke(Unknown Source)
	at java.lang.reflect.Method.invoke(Unknown Source)
	at org.testng.internal.MethodInvocationHelper.invokeMethod(MethodInvocationHelper.java:84)
	at org.testng.internal.Invoker.invokeMethod(Invoker.java:714)
	at org.testng.internal.Invoker.invokeTestMethod(Invoker.java:901)
	at org.testng.internal.Invoker.invokeTestMethods(Invoker.java:1231)
	at org.testng.internal.TestMethodWorker.invokeTestMethods(TestMethodWorker.java:127)
	at org.testng.internal.TestMethodWorker.run(TestMethodWorker.java:111)
	at org.testng.TestRunner.privateRun(TestRunner.java:767)
	at org.testng.TestRunner.run(TestRunner.java:617)
	at org.testng.SuiteRunner.runTest(SuiteRunner.java:334)
	at org.testng.SuiteRunner.runSequentially(SuiteRunner.java:329)
	at org.testng.SuiteRunner.privateRun(SuiteRunner.java:291)
	at org.testng.SuiteRunner.run(SuiteRunner.java:240)
	at org.testng.SuiteRunnerWorker.runSuite(SuiteRunnerWorker.java:52)
	at org.testng.SuiteRunnerWorker.run(SuiteRunnerWorker.java:86)
	at org.testng.TestNG.runSuitesSequentially(TestNG.java:1224)
	at org.testng.TestNG.runSuitesLocally(TestNG.java:1149)
	at org.testng.TestNG.run(TestNG.java:1057)
	at org.testng.remote.RemoteTestNG.run(RemoteTestNG.java:111)
	at org.testng.remote.RemoteTestNG.initAndRun(RemoteTestNG.java:204)
	at org.testng.remote.RemoteTestNG.main(RemoteTestNG.java:175)

</div> <!-- stack-trace -->
                </div> <!-- method-content -->
              </div> <!-- method -->
              <div class="method">
                <div class="method-content">
                  <a name="runningCode_outputsExpectedTest(!main {
	cmd &lt; -42;
	#someInt = 1337;
	cmd &lt; -#someInt;
	#someInt = 2;
	cmd &lt; 3 +#someInt;
	cm...)">
                  </a> <!-- runningCode_outputsExpectedTest(!main {
	cmd < -42;
	#someInt = 1337;
	cmd < -#someInt;
	#someInt = 2;
	cmd < 3 +#someInt;
	cm...) -->
                  <span class="method-name">runningCode_outputsExpectedTest</span>
                  <span class="parameters">(!main {
	cmd < -42;
	#someInt = 1337;
	cmd < -#someInt;
	#someInt = 2;
	cmd < 3 +#someInt;
	cmd < 5- #someInt;
	cmd < 9 %#someInt;
	cmd < 1337 % 42;
	cmd < -(2 * 4) / 4 --4;
	cmd < 2.0^4.0;
}, -42
-1337
5
3
1
35
2
16.0
)</span>
                  <div class="stack-trace">java.lang.AssertionError: expected [-42
-1337
5
3
1
35
2
16.0
] but found []
	at org.testng.Assert.fail(Assert.java:94)
	at org.testng.Assert.failNotEquals(Assert.java:494)
	at org.testng.Assert.assertEquals(Assert.java:123)
	at org.testng.Assert.assertEquals(Assert.java:176)
	at org.testng.Assert.assertEquals(Assert.java:186)
	at dhbw.dev.compiler.CompilerTest.runningCode_outputsExpectedTest(CompilerTest.java:58)
	at sun.reflect.NativeMethodAccessorImpl.invoke0(Native Method)
	at sun.reflect.NativeMethodAccessorImpl.invoke(Unknown Source)
	at sun.reflect.DelegatingMethodAccessorImpl.invoke(Unknown Source)
	at java.lang.reflect.Method.invoke(Unknown Source)
	at org.testng.internal.MethodInvocationHelper.invokeMethod(MethodInvocationHelper.java:84)
	at org.testng.internal.Invoker.invokeMethod(Invoker.java:714)
	at org.testng.internal.Invoker.invokeTestMethod(Invoker.java:901)
	at org.testng.internal.Invoker.invokeTestMethods(Invoker.java:1231)
	at org.testng.internal.TestMethodWorker.invokeTestMethods(TestMethodWorker.java:127)
	at org.testng.internal.TestMethodWorker.run(TestMethodWorker.java:111)
	at org.testng.TestRunner.privateRun(TestRunner.java:767)
	at org.testng.TestRunner.run(TestRunner.java:617)
	at org.testng.SuiteRunner.runTest(SuiteRunner.java:334)
	at org.testng.SuiteRunner.runSequentially(SuiteRunner.java:329)
	at org.testng.SuiteRunner.privateRun(SuiteRunner.java:291)
	at org.testng.SuiteRunner.run(SuiteRunner.java:240)
	at org.testng.SuiteRunnerWorker.runSuite(SuiteRunnerWorker.java:52)
	at org.testng.SuiteRunnerWorker.run(SuiteRunnerWorker.java:86)
	at org.testng.TestNG.runSuitesSequentially(TestNG.java:1224)
	at org.testng.TestNG.runSuitesLocally(TestNG.java:1149)
	at org.testng.TestNG.run(TestNG.java:1057)
	at org.testng.remote.RemoteTestNG.run(RemoteTestNG.java:111)
	at org.testng.remote.RemoteTestNG.initAndRun(RemoteTestNG.java:204)
	at org.testng.remote.RemoteTestNG.main(RemoteTestNG.java:175)

</div> <!-- stack-trace -->
                </div> <!-- method-content -->
              </div> <!-- method -->
              <div class="method">
                <div class="method-content">
                  <a name="runningCode_outputsExpectedTest(!main {
	cmd &lt; true != true ;
	cmd &lt; true != false ;
	cmd &lt; false != true ;
	cmd &lt; false != fals...)">
                  </a> <!-- runningCode_outputsExpectedTest(!main {
	cmd < true != true ;
	cmd < true != false ;
	cmd < false != true ;
	cmd < false != fals...) -->
                  <span class="method-name">runningCode_outputsExpectedTest</span>
                  <span class="parameters">(!main {
	cmd < true != true ;
	cmd < true != false ;
	cmd < false != true ;
	cmd < false != false ;
}, false
true
true
false
)</span>
                  <div class="stack-trace">java.lang.AssertionError: expected [false
true
true
false
] but found []
	at org.testng.Assert.fail(Assert.java:94)
	at org.testng.Assert.failNotEquals(Assert.java:494)
	at org.testng.Assert.assertEquals(Assert.java:123)
	at org.testng.Assert.assertEquals(Assert.java:176)
	at org.testng.Assert.assertEquals(Assert.java:186)
	at dhbw.dev.compiler.CompilerTest.runningCode_outputsExpectedTest(CompilerTest.java:58)
	at sun.reflect.NativeMethodAccessorImpl.invoke0(Native Method)
	at sun.reflect.NativeMethodAccessorImpl.invoke(Unknown Source)
	at sun.reflect.DelegatingMethodAccessorImpl.invoke(Unknown Source)
	at java.lang.reflect.Method.invoke(Unknown Source)
	at org.testng.internal.MethodInvocationHelper.invokeMethod(MethodInvocationHelper.java:84)
	at org.testng.internal.Invoker.invokeMethod(Invoker.java:714)
	at org.testng.internal.Invoker.invokeTestMethod(Invoker.java:901)
	at org.testng.internal.Invoker.invokeTestMethods(Invoker.java:1231)
	at org.testng.internal.TestMethodWorker.invokeTestMethods(TestMethodWorker.java:127)
	at org.testng.internal.TestMethodWorker.run(TestMethodWorker.java:111)
	at org.testng.TestRunner.privateRun(TestRunner.java:767)
	at org.testng.TestRunner.run(TestRunner.java:617)
	at org.testng.SuiteRunner.runTest(SuiteRunner.java:334)
	at org.testng.SuiteRunner.runSequentially(SuiteRunner.java:329)
	at org.testng.SuiteRunner.privateRun(SuiteRunner.java:291)
	at org.testng.SuiteRunner.run(SuiteRunner.java:240)
	at org.testng.SuiteRunnerWorker.runSuite(SuiteRunnerWorker.java:52)
	at org.testng.SuiteRunnerWorker.run(SuiteRunnerWorker.java:86)
	at org.testng.TestNG.runSuitesSequentially(TestNG.java:1224)
	at org.testng.TestNG.runSuitesLocally(TestNG.java:1149)
	at org.testng.TestNG.run(TestNG.java:1057)
	at org.testng.remote.RemoteTestNG.run(RemoteTestNG.java:111)
	at org.testng.remote.RemoteTestNG.initAndRun(RemoteTestNG.java:204)
	at org.testng.remote.RemoteTestNG.main(RemoteTestNG.java:175)

</div> <!-- stack-trace -->
                </div> <!-- method-content -->
              </div> <!-- method -->
              <div class="method">
                <div class="method-content">
                  <a name="runningCode_outputsExpectedTest(!main {
	cmd &lt; true || true ;
	cmd &lt; true || false ;
	cmd &lt; false || true ;
	cmd &lt; false || fals...)">
                  </a> <!-- runningCode_outputsExpectedTest(!main {
	cmd < true || true ;
	cmd < true || false ;
	cmd < false || true ;
	cmd < false || fals...) -->
                  <span class="method-name">runningCode_outputsExpectedTest</span>
                  <span class="parameters">(!main {
	cmd < true || true ;
	cmd < true || false ;
	cmd < false || true ;
	cmd < false || false ;
}, true
true
true
false
)</span>
                  <div class="stack-trace">java.lang.AssertionError: expected [true
true
true
false
] but found []
	at org.testng.Assert.fail(Assert.java:94)
	at org.testng.Assert.failNotEquals(Assert.java:494)
	at org.testng.Assert.assertEquals(Assert.java:123)
	at org.testng.Assert.assertEquals(Assert.java:176)
	at org.testng.Assert.assertEquals(Assert.java:186)
	at dhbw.dev.compiler.CompilerTest.runningCode_outputsExpectedTest(CompilerTest.java:58)
	at sun.reflect.NativeMethodAccessorImpl.invoke0(Native Method)
	at sun.reflect.NativeMethodAccessorImpl.invoke(Unknown Source)
	at sun.reflect.DelegatingMethodAccessorImpl.invoke(Unknown Source)
	at java.lang.reflect.Method.invoke(Unknown Source)
	at org.testng.internal.MethodInvocationHelper.invokeMethod(MethodInvocationHelper.java:84)
	at org.testng.internal.Invoker.invokeMethod(Invoker.java:714)
	at org.testng.internal.Invoker.invokeTestMethod(Invoker.java:901)
	at org.testng.internal.Invoker.invokeTestMethods(Invoker.java:1231)
	at org.testng.internal.TestMethodWorker.invokeTestMethods(TestMethodWorker.java:127)
	at org.testng.internal.TestMethodWorker.run(TestMethodWorker.java:111)
	at org.testng.TestRunner.privateRun(TestRunner.java:767)
	at org.testng.TestRunner.run(TestRunner.java:617)
	at org.testng.SuiteRunner.runTest(SuiteRunner.java:334)
	at org.testng.SuiteRunner.runSequentially(SuiteRunner.java:329)
	at org.testng.SuiteRunner.privateRun(SuiteRunner.java:291)
	at org.testng.SuiteRunner.run(SuiteRunner.java:240)
	at org.testng.SuiteRunnerWorker.runSuite(SuiteRunnerWorker.java:52)
	at org.testng.SuiteRunnerWorker.run(SuiteRunnerWorker.java:86)
	at org.testng.TestNG.runSuitesSequentially(TestNG.java:1224)
	at org.testng.TestNG.runSuitesLocally(TestNG.java:1149)
	at org.testng.TestNG.run(TestNG.java:1057)
	at org.testng.remote.RemoteTestNG.run(RemoteTestNG.java:111)
	at org.testng.remote.RemoteTestNG.initAndRun(RemoteTestNG.java:204)
	at org.testng.remote.RemoteTestNG.main(RemoteTestNG.java:175)

</div> <!-- stack-trace -->
                </div> <!-- method-content -->
              </div> <!-- method -->
              <div class="method">
                <div class="method-content">
                  <a name="runningCode_outputsExpectedTest(!main {
	§someString = &quot;Hallo Welt&quot;;
	cmd &lt; §someString.&quot;!&quot;;
	cmd &lt; §someString.§~1;
}, Hallo We...)">
                  </a> <!-- runningCode_outputsExpectedTest(!main {
	§someString = "Hallo Welt";
	cmd < §someString."!";
	cmd < §someString.§~1;
}, Hallo We...) -->
                  <span class="method-name">runningCode_outputsExpectedTest</span>
                  <span class="parameters">(!main {
	§someString = "Hallo Welt";
	cmd < §someString."!";
	cmd < §someString.§~1;
}, Hallo Welt!
Hallo Welt1
)</span>
                  <div class="stack-trace">java.lang.AssertionError: expected [Hallo Welt!
Hallo Welt1
] but found []
	at org.testng.Assert.fail(Assert.java:94)
	at org.testng.Assert.failNotEquals(Assert.java:494)
	at org.testng.Assert.assertEquals(Assert.java:123)
	at org.testng.Assert.assertEquals(Assert.java:176)
	at org.testng.Assert.assertEquals(Assert.java:186)
	at dhbw.dev.compiler.CompilerTest.runningCode_outputsExpectedTest(CompilerTest.java:58)
	at sun.reflect.NativeMethodAccessorImpl.invoke0(Native Method)
	at sun.reflect.NativeMethodAccessorImpl.invoke(Unknown Source)
	at sun.reflect.DelegatingMethodAccessorImpl.invoke(Unknown Source)
	at java.lang.reflect.Method.invoke(Unknown Source)
	at org.testng.internal.MethodInvocationHelper.invokeMethod(MethodInvocationHelper.java:84)
	at org.testng.internal.Invoker.invokeMethod(Invoker.java:714)
	at org.testng.internal.Invoker.invokeTestMethod(Invoker.java:901)
	at org.testng.internal.Invoker.invokeTestMethods(Invoker.java:1231)
	at org.testng.internal.TestMethodWorker.invokeTestMethods(TestMethodWorker.java:127)
	at org.testng.internal.TestMethodWorker.run(TestMethodWorker.java:111)
	at org.testng.TestRunner.privateRun(TestRunner.java:767)
	at org.testng.TestRunner.run(TestRunner.java:617)
	at org.testng.SuiteRunner.runTest(SuiteRunner.java:334)
	at org.testng.SuiteRunner.runSequentially(SuiteRunner.java:329)
	at org.testng.SuiteRunner.privateRun(SuiteRunner.java:291)
	at org.testng.SuiteRunner.run(SuiteRunner.java:240)
	at org.testng.SuiteRunnerWorker.runSuite(SuiteRunnerWorker.java:52)
	at org.testng.SuiteRunnerWorker.run(SuiteRunnerWorker.java:86)
	at org.testng.TestNG.runSuitesSequentially(TestNG.java:1224)
	at org.testng.TestNG.runSuitesLocally(TestNG.java:1149)
	at org.testng.TestNG.run(TestNG.java:1057)
	at org.testng.remote.RemoteTestNG.run(RemoteTestNG.java:111)
	at org.testng.remote.RemoteTestNG.initAndRun(RemoteTestNG.java:204)
	at org.testng.remote.RemoteTestNG.main(RemoteTestNG.java:175)

</div> <!-- stack-trace -->
                </div> <!-- method-content -->
              </div> <!-- method -->
            </div> <!-- main-panel-content rounded-window-bottom -->
          </div> <!-- suite-Default_suite-class-failed -->
          <div class="suite-Default_suite-class-passed">
            <div class="main-panel-header rounded-window-top">
              <img src="passed.png"/>
              <span class="class-name">dhbw.dev.compiler.CompilerTest</span>
            </div> <!-- main-panel-header rounded-window-top -->
            <div class="main-panel-content rounded-window-bottom">
              <div class="method">
                <div class="method-content">
                  <a name="throws_DublicateFunctionException">
                  </a> <!-- throws_DublicateFunctionException -->
                  <span class="method-name">throws_DublicateFunctionException</span>
                </div> <!-- method-content -->
              </div> <!-- method -->
              <div class="method">
                <div class="method-content">
                  <a name="throws_RedefinedVariableException">
                  </a> <!-- throws_RedefinedVariableException -->
                  <span class="method-name">throws_RedefinedVariableException</span>
                </div> <!-- method-content -->
              </div> <!-- method -->
              <div class="method">
                <div class="method-content">
                  <a name="throws_UndeclaredVariableException">
                  </a> <!-- throws_UndeclaredVariableException -->
                  <span class="method-name">throws_UndeclaredVariableException</span>
                </div> <!-- method-content -->
              </div> <!-- method -->
              <div class="method">
                <div class="method-content">
                  <a name="throws_UndefinedFunctionException">
                  </a> <!-- throws_UndefinedFunctionException -->
                  <span class="method-name">throws_UndefinedFunctionException</span>
                </div> <!-- method-content -->
              </div> <!-- method -->
            </div> <!-- main-panel-content rounded-window-bottom -->
          </div> <!-- suite-Default_suite-class-passed -->
        </div> <!-- panel Default_suite -->
        <div panel-name="test-xml-Default_suite" class="panel">
          <div class="main-panel-header rounded-window-top">
            <span class="header-content">C:\Users\Cedric\AppData\Local\Temp\testng-eclipse--1303378731\testng-customsuite.xml</span>
          </div> <!-- main-panel-header rounded-window-top -->
          <div class="main-panel-content rounded-window-bottom">
            <pre>
&lt;?xml version=&quot;1.0&quot; encoding=&quot;UTF-8&quot;?&gt;
&lt;!DOCTYPE suite SYSTEM &quot;http://testng.org/testng-1.0.dtd&quot;&gt;
&lt;suite name=&quot;Default suite&quot;&gt;
  &lt;test verbose=&quot;2&quot; name=&quot;Default test&quot;&gt;
    &lt;classes&gt;
      &lt;class name=&quot;dhbw.dev.compiler.CompilerTest&quot;/&gt;
    &lt;/classes&gt;
  &lt;/test&gt; &lt;!-- Default test --&gt;
&lt;/suite&gt; &lt;!-- Default suite --&gt;
            </pre>
          </div> <!-- main-panel-content rounded-window-bottom -->
        </div> <!-- panel -->
        <div panel-name="testlist-Default_suite" class="panel">
          <div class="main-panel-header rounded-window-top">
            <span class="header-content">Tests for Default suite</span>
          </div> <!-- main-panel-header rounded-window-top -->
          <div class="main-panel-content rounded-window-bottom">
            <ul>
              <li>
                <span class="test-name">Default test (1 class)</span>
              </li>
            </ul>
          </div> <!-- main-panel-content rounded-window-bottom -->
        </div> <!-- panel -->
        <div panel-name="group-Default_suite" class="panel">
          <div class="main-panel-header rounded-window-top">
            <span class="header-content">Groups for Default suite</span>
          </div> <!-- main-panel-header rounded-window-top -->
          <div class="main-panel-content rounded-window-bottom">
          </div> <!-- main-panel-content rounded-window-bottom -->
        </div> <!-- panel -->
        <div panel-name="times-Default_suite" class="panel">
          <div class="main-panel-header rounded-window-top">
            <span class="header-content">Times for Default suite</span>
          </div> <!-- main-panel-header rounded-window-top -->
          <div class="main-panel-content rounded-window-bottom">
            <div class="times-div">
              <script type="text/javascript">
suiteTableInitFunctions.push('tableData_Default_suite');
function tableData_Default_suite() {
var data = new google.visualization.DataTable();
data.addColumn('number', 'Number');
data.addColumn('string', 'Method');
data.addColumn('string', 'Class');
data.addColumn('number', 'Time (ms)');
data.addRows(19);
data.setCell(0, 0, 0)
data.setCell(0, 1, 'runningCode_outputsExpectedTest')
data.setCell(0, 2, 'dhbw.dev.compiler.CompilerTest')
data.setCell(0, 3, 190);
data.setCell(1, 0, 1)
data.setCell(1, 1, 'runningCode_outputsExpectedTest')
data.setCell(1, 2, 'dhbw.dev.compiler.CompilerTest')
data.setCell(1, 3, 112);
data.setCell(2, 0, 2)
data.setCell(2, 1, 'runningCode_outputsExpectedTest')
data.setCell(2, 2, 'dhbw.dev.compiler.CompilerTest')
data.setCell(2, 3, 87);
data.setCell(3, 0, 3)
data.setCell(3, 1, 'runningCode_outputsExpectedTest')
data.setCell(3, 2, 'dhbw.dev.compiler.CompilerTest')
data.setCell(3, 3, 81);
data.setCell(4, 0, 4)
data.setCell(4, 1, 'runningCode_outputsExpectedTest')
data.setCell(4, 2, 'dhbw.dev.compiler.CompilerTest')
data.setCell(4, 3, 80);
data.setCell(5, 0, 5)
data.setCell(5, 1, 'runningCode_outputsExpectedTest')
data.setCell(5, 2, 'dhbw.dev.compiler.CompilerTest')
data.setCell(5, 3, 78);
data.setCell(6, 0, 6)
data.setCell(6, 1, 'runningCode_outputsExpectedTest')
data.setCell(6, 2, 'dhbw.dev.compiler.CompilerTest')
data.setCell(6, 3, 75);
data.setCell(7, 0, 7)
data.setCell(7, 1, 'runningCode_outputsExpectedTest')
data.setCell(7, 2, 'dhbw.dev.compiler.CompilerTest')
data.setCell(7, 3, 74);
data.setCell(8, 0, 8)
data.setCell(8, 1, 'runningCode_outputsExpectedTest')
data.setCell(8, 2, 'dhbw.dev.compiler.CompilerTest')
data.setCell(8, 3, 74);
data.setCell(9, 0, 9)
data.setCell(9, 1, 'runningCode_outputsExpectedTest')
data.setCell(9, 2, 'dhbw.dev.compiler.CompilerTest')
data.setCell(9, 3, 74);
data.setCell(10, 0, 10)
data.setCell(10, 1, 'runningCode_outputsExpectedTest')
data.setCell(10, 2, 'dhbw.dev.compiler.CompilerTest')
data.setCell(10, 3, 73);
data.setCell(11, 0, 11)
data.setCell(11, 1, 'runningCode_outputsExpectedTest')
data.setCell(11, 2, 'dhbw.dev.compiler.CompilerTest')
data.setCell(11, 3, 72);
data.setCell(12, 0, 12)
data.setCell(12, 1, 'runningCode_outputsExpectedTest')
data.setCell(12, 2, 'dhbw.dev.compiler.CompilerTest')
data.setCell(12, 3, 68);
data.setCell(13, 0, 13)
data.setCell(13, 1, 'runningCode_outputsExpectedTest')
data.setCell(13, 2, 'dhbw.dev.compiler.CompilerTest')
data.setCell(13, 3, 66);
data.setCell(14, 0, 14)
data.setCell(14, 1, 'runningCode_outputsExpectedTest')
data.setCell(14, 2, 'dhbw.dev.compiler.CompilerTest')
data.setCell(14, 3, 65);
data.setCell(15, 0, 15)
data.setCell(15, 1, 'throws_DublicateFunctionException')
data.setCell(15, 2, 'dhbw.dev.compiler.CompilerTest')
data.setCell(15, 3, 2);
data.setCell(16, 0, 16)
data.setCell(16, 1, 'throws_RedefinedVariableException')
data.setCell(16, 2, 'dhbw.dev.compiler.CompilerTest')
data.setCell(16, 3, 1);
data.setCell(17, 0, 17)
data.setCell(17, 1, 'throws_UndefinedFunctionException')
data.setCell(17, 2, 'dhbw.dev.compiler.CompilerTest')
data.setCell(17, 3, 1);
data.setCell(18, 0, 18)
data.setCell(18, 1, 'throws_UndeclaredVariableException')
data.setCell(18, 2, 'dhbw.dev.compiler.CompilerTest')
data.setCell(18, 3, 0);
window.suiteTableData['Default_suite']= { tableData: data, tableDiv: 'times-div-Default_suite'}
return data;
}
              </script>
              <span class="suite-total-time">Total running time: 1 seconds</span>
              <div id="times-div-Default_suite">
              </div> <!-- times-div-Default_suite -->
            </div> <!-- times-div -->
          </div> <!-- main-panel-content rounded-window-bottom -->
        </div> <!-- panel -->
        <div panel-name="reporter-Default_suite" class="panel">
          <div class="main-panel-header rounded-window-top">
            <span class="header-content">Reporter output for Default suite</span>
          </div> <!-- main-panel-header rounded-window-top -->
          <div class="main-panel-content rounded-window-bottom">
          </div> <!-- main-panel-content rounded-window-bottom -->
        </div> <!-- panel -->
        <div panel-name="ignored-methods-Default_suite" class="panel">
          <div class="main-panel-header rounded-window-top">
            <span class="header-content">0 ignored methods</span>
          </div> <!-- main-panel-header rounded-window-top -->
          <div class="main-panel-content rounded-window-bottom">
          </div> <!-- main-panel-content rounded-window-bottom -->
        </div> <!-- panel -->
        <div panel-name="chronological-Default_suite" class="panel">
          <div class="main-panel-header rounded-window-top">
            <span class="header-content">Methods in chronological order</span>
          </div> <!-- main-panel-header rounded-window-top -->
          <div class="main-panel-content rounded-window-bottom">
            <div class="chronological-class">
              <div class="chronological-class-name">dhbw.dev.compiler.CompilerTest</div> <!-- chronological-class-name -->
              <div class="configuration-method before">
                <span class="method-name">createTempDir</span>
                <span class="method-start">0 ms</span>
              </div> <!-- configuration-method before -->
              <div class="test-method">
                <img src="failed.png">
                </img>
                <span class="method-name">runningCode_outputsExpectedTest(!main {
	cmd < true && true ;
	cmd < true && false ;
	cmd < false && true ;
	cmd < false && fals...)</span>
                <span class="method-start">4 ms</span>
              </div> <!-- test-method -->
              <div class="configuration-method after">
                <span class="method-name">deleteTempDir</span>
                <span class="method-start">196 ms</span>
              </div> <!-- configuration-method after -->
              <div class="configuration-method before">
                <span class="method-name">createTempDir</span>
                <span class="method-start">197 ms</span>
              </div> <!-- configuration-method before -->
              <div class="test-method">
                <img src="failed.png">
                </img>
                <span class="method-name">runningCode_outputsExpectedTest(!main {
	$someBool = true;
	cmd < $someBool;
	cmd < $someBool!;
}, true
false
)</span>
                <span class="method-start">198 ms</span>
              </div> <!-- test-method -->
              <div class="configuration-method after">
                <span class="method-name">deleteTempDir</span>
                <span class="method-start">267 ms</span>
              </div> <!-- configuration-method after -->
              <div class="configuration-method before">
                <span class="method-name">createTempDir</span>
                <span class="method-start">268 ms</span>
              </div> <!-- configuration-method before -->
              <div class="test-method">
                <img src="failed.png">
                </img>
                <span class="method-name">runningCode_outputsExpectedTest(!main {
	cmd < -42;
	#someInt = 1337;
	cmd < -#someInt;
	#someInt = 2;
	cmd < 3 +#someInt;
	cm...)</span>
                <span class="method-start">269 ms</span>
              </div> <!-- test-method -->
              <div class="configuration-method after">
                <span class="method-name">deleteTempDir</span>
                <span class="method-start">357 ms</span>
              </div> <!-- configuration-method after -->
              <div class="configuration-method before">
                <span class="method-name">createTempDir</span>
                <span class="method-start">358 ms</span>
              </div> <!-- configuration-method before -->
              <div class="test-method">
                <img src="failed.png">
                </img>
                <span class="method-name">runningCode_outputsExpectedTest(!main {
	%%intToDouble = %%~1337;
	cmd < %%intToDouble;
	
	$intToBool = $~42;
	cmd < $intToBool...)</span>
                <span class="method-start">359 ms</span>
              </div> <!-- test-method -->
              <div class="configuration-method after">
                <span class="method-name">deleteTempDir</span>
                <span class="method-start">434 ms</span>
              </div> <!-- configuration-method after -->
              <div class="configuration-method before">
                <span class="method-name">createTempDir</span>
                <span class="method-start">435 ms</span>
              </div> <!-- configuration-method before -->
              <div class="test-method">
                <img src="failed.png">
                </img>
                <span class="method-name">runningCode_outputsExpectedTest(!main {
	%%someDouble = %%~3;
	cmd < %%someDouble;
	#someInt = #~3.2;
	cmd < %%~#someInt;
}, 3....)</span>
                <span class="method-start">435 ms</span>
              </div> <!-- test-method -->
              <div class="configuration-method after">
                <span class="method-name">deleteTempDir</span>
                <span class="method-start">509 ms</span>
              </div> <!-- configuration-method after -->
              <div class="configuration-method before">
                <span class="method-name">createTempDir</span>
                <span class="method-start">510 ms</span>
              </div> <!-- configuration-method before -->
              <div class="test-method">
                <img src="failed.png">
                </img>
                <span class="method-name">runningCode_outputsExpectedTest(!main {
	cmd < ?#someFunction(22, true);
	cmd < ?$someFunction(false);
	cmd < 1337;
}

?#someF...)</span>
                <span class="method-start">511 ms</span>
              </div> <!-- test-method -->
              <div class="configuration-method after">
                <span class="method-name">deleteTempDir</span>
                <span class="method-start">587 ms</span>
              </div> <!-- configuration-method after -->
              <div class="configuration-method before">
                <span class="method-name">createTempDir</span>
                <span class="method-start">588 ms</span>
              </div> <!-- configuration-method before -->
              <div class="test-method">
                <img src="failed.png">
                </img>
                <span class="method-name">runningCode_outputsExpectedTest(!main {
	if( false ) {
		cmd < 1;
	} else {
		cmd < 2;
	}
	if( true ) {
		cmd < 3;
	} else {...)</span>
                <span class="method-start">589 ms</span>
              </div> <!-- test-method -->
              <div class="configuration-method after">
                <span class="method-name">deleteTempDir</span>
                <span class="method-start">661 ms</span>
              </div> <!-- configuration-method after -->
              <div class="configuration-method before">
                <span class="method-name">createTempDir</span>
                <span class="method-start">663 ms</span>
              </div> <!-- configuration-method before -->
              <div class="test-method">
                <img src="failed.png">
                </img>
                <span class="method-name">runningCode_outputsExpectedTest(!main {
	cmd < true == true ;
	cmd < true == false ;
	cmd < false == true ;
	cmd < false == fals...)</span>
                <span class="method-start">663 ms</span>
              </div> <!-- test-method -->
              <div class="configuration-method after">
                <span class="method-name">deleteTempDir</span>
                <span class="method-start">738 ms</span>
              </div> <!-- configuration-method after -->
              <div class="configuration-method before">
                <span class="method-name">createTempDir</span>
                <span class="method-start">739 ms</span>
              </div> <!-- configuration-method before -->
              <div class="test-method">
                <img src="failed.png">
                </img>
                <span class="method-name">runningCode_outputsExpectedTest(!main {
	cmd < true != true ;
	cmd < true != false ;
	cmd < false != true ;
	cmd < false != fals...)</span>
                <span class="method-start">739 ms</span>
              </div> <!-- test-method -->
              <div class="configuration-method after">
                <span class="method-name">deleteTempDir</span>
                <span class="method-start">806 ms</span>
              </div> <!-- configuration-method after -->
              <div class="configuration-method before">
                <span class="method-name">createTempDir</span>
                <span class="method-start">807 ms</span>
              </div> <!-- configuration-method before -->
              <div class="test-method">
                <img src="failed.png">
                </img>
                <span class="method-name">runningCode_outputsExpectedTest(!main {
	cmd < 42 < 1337 ;
	cmd < 1337 < 42 ;
	cmd < 1337 > 42 ;
	cmd < 42 > 1337 ;
}, true
fa...)</span>
                <span class="method-start">807 ms</span>
              </div> <!-- test-method -->
              <div class="configuration-method after">
                <span class="method-name">deleteTempDir</span>
                <span class="method-start">881 ms</span>
              </div> <!-- configuration-method after -->
              <div class="configuration-method before">
                <span class="method-name">createTempDir</span>
                <span class="method-start">882 ms</span>
              </div> <!-- configuration-method before -->
              <div class="test-method">
                <img src="failed.png">
                </img>
                <span class="method-name">runningCode_outputsExpectedTest(!main {
	#i=0;
	while (#i < 10) {
		cmd < #i;
		#i = #i+1;
	}
	
	#i = 0;
	do {
		cmd < #i;...)</span>
                <span class="method-start">882 ms</span>
              </div> <!-- test-method -->
              <div class="configuration-method after">
                <span class="method-name">deleteTempDir</span>
                <span class="method-start">961 ms</span>
              </div> <!-- configuration-method after -->
              <div class="configuration-method before">
                <span class="method-name">createTempDir</span>
                <span class="method-start">962 ms</span>
              </div> <!-- configuration-method before -->
              <div class="test-method">
                <img src="failed.png">
                </img>
                <span class="method-name">runningCode_outputsExpectedTest(!main {
	!someMethod();
	!someMethod (43, true);
}

!someMethod #test $test2 {
	cmd < 1337;
}...)</span>
                <span class="method-start">962 ms</span>
              </div> <!-- test-method -->
              <div class="configuration-method after">
                <span class="method-name">deleteTempDir</span>
                <span class="method-start">1028 ms</span>
              </div> <!-- configuration-method after -->
              <div class="configuration-method before">
                <span class="method-name">createTempDir</span>
                <span class="method-start">1029 ms</span>
              </div> <!-- configuration-method before -->
              <div class="test-method">
                <img src="failed.png">
                </img>
                <span class="method-name">runningCode_outputsExpectedTest(!main {
	cmd < true || true ;
	cmd < true || false ;
	cmd < false || true ;
	cmd < false || fals...)</span>
                <span class="method-start">1030 ms</span>
              </div> <!-- test-method -->
              <div class="configuration-method after">
                <span class="method-name">deleteTempDir</span>
                <span class="method-start">1112 ms</span>
              </div> <!-- configuration-method after -->
              <div class="configuration-method before">
                <span class="method-name">createTempDir</span>
                <span class="method-start">1113 ms</span>
              </div> <!-- configuration-method before -->
              <div class="test-method">
                <img src="failed.png">
                </img>
                <span class="method-name">runningCode_outputsExpectedTest(!main {
	cmd < true;
	cmd < 42;
	#someInt = 1337;
	cmd < #someInt;
}, true
42
1337
)</span>
                <span class="method-start">1113 ms</span>
              </div> <!-- test-method -->
              <div class="configuration-method after">
                <span class="method-name">deleteTempDir</span>
                <span class="method-start">1226 ms</span>
              </div> <!-- configuration-method after -->
              <div class="configuration-method before">
                <span class="method-name">createTempDir</span>
                <span class="method-start">1227 ms</span>
              </div> <!-- configuration-method before -->
              <div class="test-method">
                <img src="failed.png">
                </img>
                <span class="method-name">runningCode_outputsExpectedTest(!main {
	§someString = "Hallo Welt";
	cmd < §someString."!";
	cmd < §someString.§~1;
}, Hallo We...)</span>
                <span class="method-start">1227 ms</span>
              </div> <!-- test-method -->
              <div class="configuration-method after">
                <span class="method-name">deleteTempDir</span>
                <span class="method-start">1309 ms</span>
              </div> <!-- configuration-method after -->
              <div class="configuration-method before">
                <span class="method-name">createTempDir</span>
                <span class="method-start">1311 ms</span>
              </div> <!-- configuration-method before -->
              <div class="test-method">
                <span class="method-name">throws_DublicateFunctionException</span>
                <span class="method-start">1311 ms</span>
              </div> <!-- test-method -->
              <div class="configuration-method after">
                <span class="method-name">deleteTempDir</span>
                <span class="method-start">1313 ms</span>
              </div> <!-- configuration-method after -->
              <div class="configuration-method before">
                <span class="method-name">createTempDir</span>
                <span class="method-start">1314 ms</span>
              </div> <!-- configuration-method before -->
              <div class="test-method">
                <span class="method-name">throws_RedefinedVariableException</span>
                <span class="method-start">1315 ms</span>
              </div> <!-- test-method -->
              <div class="configuration-method before">
                <span class="method-name">createTempDir</span>
                <span class="method-start">1317 ms</span>
              </div> <!-- configuration-method before -->
              <div class="configuration-method after">
                <span class="method-name">deleteTempDir</span>
                <span class="method-start">1317 ms</span>
              </div> <!-- configuration-method after -->
              <div class="test-method">
                <span class="method-name">throws_UndeclaredVariableException</span>
                <span class="method-start">1318 ms</span>
              </div> <!-- test-method -->
              <div class="configuration-method after">
                <span class="method-name">deleteTempDir</span>
                <span class="method-start">1319 ms</span>
              </div> <!-- configuration-method after -->
              <div class="configuration-method before">
                <span class="method-name">createTempDir</span>
                <span class="method-start">1320 ms</span>
              </div> <!-- configuration-method before -->
              <div class="test-method">
                <span class="method-name">throws_UndefinedFunctionException</span>
                <span class="method-start">1321 ms</span>
              </div> <!-- test-method -->
              <div class="configuration-method after">
                <span class="method-name">deleteTempDir</span>
                <span class="method-start">1322 ms</span>
              </div> <!-- configuration-method after -->
          </div> <!-- main-panel-content rounded-window-bottom -->
        </div> <!-- panel -->
      </div> <!-- main-panel-root -->
    </div> <!-- wrapper -->
  </body>
</html>
