<?xml version="1.0" encoding="UTF-8"?>
<testng-results skipped="0" failed="15" total="19" passed="4">
  <reporter-output>
  </reporter-output>
  <suite name="Default suite" duration-ms="1339" started-at="2014-05-04T13:16:06Z" finished-at="2014-05-04T13:16:08Z">
    <groups>
    </groups>
    <test name="Default test" duration-ms="1339" started-at="2014-05-04T13:16:06Z" finished-at="2014-05-04T13:16:08Z">
      <class name="dhbw.dev.compiler.CompilerTest">
        <test-method status="PASS" signature="createTempDir()[pri:0, instance:dhbw.dev.compiler.CompilerTest@6f79caec]" name="createTempDir" is-config="true" duration-ms="4" started-at="2014-05-04T15:16:06Z" finished-at="2014-05-04T15:16:06Z">
          <reporter-output>
          </reporter-output>
        </test-method> <!-- createTempDir -->
        <test-method status="FAIL" signature="runningCode_outputsExpectedTest(java.lang.String, java.lang.String)[pri:0, instance:dhbw.dev.compiler.CompilerTest@6f79caec]" name="runningCode_outputsExpectedTest" duration-ms="190" started-at="2014-05-04T15:16:06Z" data-provider="provide_code_expectedText" finished-at="2014-05-04T15:16:07Z">
          <params>
            <param index="0">
              <value>
                <![CDATA[!main {
	cmd < true && true ;
	cmd < true && false ;
	cmd < false && true ;
	cmd < false && false ;
}]]>
              </value>
            </param>
            <param index="1">
              <value>
                <![CDATA[true
false
false
false
]]>
              </value>
            </param>
          </params>
          <exception class="java.lang.AssertionError">
            <message>
              <![CDATA[expected [true
false
false
false
] but found []]]>
            </message>
            <full-stacktrace>
              <![CDATA[java.lang.AssertionError: expected [true
false
false
false
] but found []
	at org.testng.Assert.fail(Assert.java:94)
	at org.testng.Assert.failNotEquals(Assert.java:494)
	at org.testng.Assert.assertEquals(Assert.java:123)
	at org.testng.Assert.assertEquals(Assert.java:176)
	at org.testng.Assert.assertEquals(Assert.java:186)
	at dhbw.dev.compiler.CompilerTest.runningCode_outputsExpectedTest(CompilerTest.java:58)
	at sun.reflect.NativeMethodAccessorImpl.invoke0(Native Method)
	at sun.reflect.NativeMethodAccessorImpl.invoke(Unknown Source)
	at sun.reflect.DelegatingMethodAccessorImpl.invoke(Unknown Source)
	at java.lang.reflect.Method.invoke(Unknown Source)
	at org.testng.internal.MethodInvocationHelper.invokeMethod(MethodInvocationHelper.java:84)
	at org.testng.internal.Invoker.invokeMethod(Invoker.java:714)
	at org.testng.internal.Invoker.invokeTestMethod(Invoker.java:901)
	at org.testng.internal.Invoker.invokeTestMethods(Invoker.java:1231)
	at org.testng.internal.TestMethodWorker.invokeTestMethods(TestMethodWorker.java:127)
	at org.testng.internal.TestMethodWorker.run(TestMethodWorker.java:111)
	at org.testng.TestRunner.privateRun(TestRunner.java:767)
	at org.testng.TestRunner.run(TestRunner.java:617)
	at org.testng.SuiteRunner.runTest(SuiteRunner.java:334)
	at org.testng.SuiteRunner.runSequentially(SuiteRunner.java:329)
	at org.testng.SuiteRunner.privateRun(SuiteRunner.java:291)
	at org.testng.SuiteRunner.run(SuiteRunner.java:240)
	at org.testng.SuiteRunnerWorker.runSuite(SuiteRunnerWorker.java:52)
	at org.testng.SuiteRunnerWorker.run(SuiteRunnerWorker.java:86)
	at org.testng.TestNG.runSuitesSequentially(TestNG.java:1224)
	at org.testng.TestNG.runSuitesLocally(TestNG.java:1149)
	at org.testng.TestNG.run(TestNG.java:1057)
	at org.testng.remote.RemoteTestNG.run(RemoteTestNG.java:111)
	at org.testng.remote.RemoteTestNG.initAndRun(RemoteTestNG.java:204)
	at org.testng.remote.RemoteTestNG.main(RemoteTestNG.java:175)
]]>
            </full-stacktrace>
          </exception> <!-- java.lang.AssertionError -->
          <reporter-output>
          </reporter-output>
        </test-method> <!-- runningCode_outputsExpectedTest -->
        <test-method status="PASS" signature="deleteTempDir()[pri:0, instance:dhbw.dev.compiler.CompilerTest@6f79caec]" name="deleteTempDir" is-config="true" duration-ms="1" started-at="2014-05-04T15:16:07Z" finished-at="2014-05-04T15:16:07Z">
          <reporter-output>
          </reporter-output>
        </test-method> <!-- deleteTempDir -->
        <test-method status="PASS" signature="createTempDir()[pri:0, instance:dhbw.dev.compiler.CompilerTest@6f79caec]" name="createTempDir" is-config="true" duration-ms="1" started-at="2014-05-04T15:16:07Z" finished-at="2014-05-04T15:16:07Z">
          <reporter-output>
          </reporter-output>
        </test-method> <!-- createTempDir -->
        <test-method status="FAIL" signature="runningCode_outputsExpectedTest(java.lang.String, java.lang.String)[pri:0, instance:dhbw.dev.compiler.CompilerTest@6f79caec]" name="runningCode_outputsExpectedTest" duration-ms="68" started-at="2014-05-04T15:16:07Z" data-provider="provide_code_expectedText" finished-at="2014-05-04T15:16:07Z">
          <params>
            <param index="0">
              <value>
                <![CDATA[!main {
	$someBool = true;
	cmd < $someBool;
	cmd < $someBool!;
}]]>
              </value>
            </param>
            <param index="1">
              <value>
                <![CDATA[true
false
]]>
              </value>
            </param>
          </params>
          <exception class="java.lang.AssertionError">
            <message>
              <![CDATA[expected [true
false
] but found []]]>
            </message>
            <full-stacktrace>
              <![CDATA[java.lang.AssertionError: expected [true
false
] but found []
	at org.testng.Assert.fail(Assert.java:94)
	at org.testng.Assert.failNotEquals(Assert.java:494)
	at org.testng.Assert.assertEquals(Assert.java:123)
	at org.testng.Assert.assertEquals(Assert.java:176)
	at org.testng.Assert.assertEquals(Assert.java:186)
	at dhbw.dev.compiler.CompilerTest.runningCode_outputsExpectedTest(CompilerTest.java:58)
	at sun.reflect.NativeMethodAccessorImpl.invoke0(Native Method)
	at sun.reflect.NativeMethodAccessorImpl.invoke(Unknown Source)
	at sun.reflect.DelegatingMethodAccessorImpl.invoke(Unknown Source)
	at java.lang.reflect.Method.invoke(Unknown Source)
	at org.testng.internal.MethodInvocationHelper.invokeMethod(MethodInvocationHelper.java:84)
	at org.testng.internal.Invoker.invokeMethod(Invoker.java:714)
	at org.testng.internal.Invoker.invokeTestMethod(Invoker.java:901)
	at org.testng.internal.Invoker.invokeTestMethods(Invoker.java:1231)
	at org.testng.internal.TestMethodWorker.invokeTestMethods(TestMethodWorker.java:127)
	at org.testng.internal.TestMethodWorker.run(TestMethodWorker.java:111)
	at org.testng.TestRunner.privateRun(TestRunner.java:767)
	at org.testng.TestRunner.run(TestRunner.java:617)
	at org.testng.SuiteRunner.runTest(SuiteRunner.java:334)
	at org.testng.SuiteRunner.runSequentially(SuiteRunner.java:329)
	at org.testng.SuiteRunner.privateRun(SuiteRunner.java:291)
	at org.testng.SuiteRunner.run(SuiteRunner.java:240)
	at org.testng.SuiteRunnerWorker.runSuite(SuiteRunnerWorker.java:52)
	at org.testng.SuiteRunnerWorker.run(SuiteRunnerWorker.java:86)
	at org.testng.TestNG.runSuitesSequentially(TestNG.java:1224)
	at org.testng.TestNG.runSuitesLocally(TestNG.java:1149)
	at org.testng.TestNG.run(TestNG.java:1057)
	at org.testng.remote.RemoteTestNG.run(RemoteTestNG.java:111)
	at org.testng.remote.RemoteTestNG.initAndRun(RemoteTestNG.java:204)
	at org.testng.remote.RemoteTestNG.main(RemoteTestNG.java:175)
]]>
            </full-stacktrace>
          </exception> <!-- java.lang.AssertionError -->
          <reporter-output>
          </reporter-output>
        </test-method> <!-- runningCode_outputsExpectedTest -->
        <test-method status="PASS" signature="deleteTempDir()[pri:0, instance:dhbw.dev.compiler.CompilerTest@6f79caec]" name="deleteTempDir" is-config="true" duration-ms="1" started-at="2014-05-04T15:16:07Z" finished-at="2014-05-04T15:16:07Z">
          <reporter-output>
          </reporter-output>
        </test-method> <!-- deleteTempDir -->
        <test-method status="PASS" signature="createTempDir()[pri:0, instance:dhbw.dev.compiler.CompilerTest@6f79caec]" name="createTempDir" is-config="true" duration-ms="1" started-at="2014-05-04T15:16:07Z" finished-at="2014-05-04T15:16:07Z">
          <reporter-output>
          </reporter-output>
        </test-method> <!-- createTempDir -->
        <test-method status="FAIL" signature="runningCode_outputsExpectedTest(java.lang.String, java.lang.String)[pri:0, instance:dhbw.dev.compiler.CompilerTest@6f79caec]" name="runningCode_outputsExpectedTest" duration-ms="87" started-at="2014-05-04T15:16:07Z" data-provider="provide_code_expectedText" finished-at="2014-05-04T15:16:07Z">
          <params>
            <param index="0">
              <value>
                <![CDATA[!main {
	cmd < -42;
	#someInt = 1337;
	cmd < -#someInt;
	#someInt = 2;
	cmd < 3 +#someInt;
	cmd < 5- #someInt;
	cmd < 9 %#someInt;
	cmd < 1337 % 42;
	cmd < -(2 * 4) / 4 --4;
	cmd < 2.0^4.0;
}]]>
              </value>
            </param>
            <param index="1">
              <value>
                <![CDATA[-42
-1337
5
3
1
35
2
16.0
]]>
              </value>
            </param>
          </params>
          <exception class="java.lang.AssertionError">
            <message>
              <![CDATA[expected [-42
-1337
5
3
1
35
2
16.0
] but found []]]>
            </message>
            <full-stacktrace>
              <![CDATA[java.lang.AssertionError: expected [-42
-1337
5
3
1
35
2
16.0
] but found []
	at org.testng.Assert.fail(Assert.java:94)
	at org.testng.Assert.failNotEquals(Assert.java:494)
	at org.testng.Assert.assertEquals(Assert.java:123)
	at org.testng.Assert.assertEquals(Assert.java:176)
	at org.testng.Assert.assertEquals(Assert.java:186)
	at dhbw.dev.compiler.CompilerTest.runningCode_outputsExpectedTest(CompilerTest.java:58)
	at sun.reflect.NativeMethodAccessorImpl.invoke0(Native Method)
	at sun.reflect.NativeMethodAccessorImpl.invoke(Unknown Source)
	at sun.reflect.DelegatingMethodAccessorImpl.invoke(Unknown Source)
	at java.lang.reflect.Method.invoke(Unknown Source)
	at org.testng.internal.MethodInvocationHelper.invokeMethod(MethodInvocationHelper.java:84)
	at org.testng.internal.Invoker.invokeMethod(Invoker.java:714)
	at org.testng.internal.Invoker.invokeTestMethod(Invoker.java:901)
	at org.testng.internal.Invoker.invokeTestMethods(Invoker.java:1231)
	at org.testng.internal.TestMethodWorker.invokeTestMethods(TestMethodWorker.java:127)
	at org.testng.internal.TestMethodWorker.run(TestMethodWorker.java:111)
	at org.testng.TestRunner.privateRun(TestRunner.java:767)
	at org.testng.TestRunner.run(TestRunner.java:617)
	at org.testng.SuiteRunner.runTest(SuiteRunner.java:334)
	at org.testng.SuiteRunner.runSequentially(SuiteRunner.java:329)
	at org.testng.SuiteRunner.privateRun(SuiteRunner.java:291)
	at org.testng.SuiteRunner.run(SuiteRunner.java:240)
	at org.testng.SuiteRunnerWorker.runSuite(SuiteRunnerWorker.java:52)
	at org.testng.SuiteRunnerWorker.run(SuiteRunnerWorker.java:86)
	at org.testng.TestNG.runSuitesSequentially(TestNG.java:1224)
	at org.testng.TestNG.runSuitesLocally(TestNG.java:1149)
	at org.testng.TestNG.run(TestNG.java:1057)
	at org.testng.remote.RemoteTestNG.run(RemoteTestNG.java:111)
	at org.testng.remote.RemoteTestNG.initAndRun(RemoteTestNG.java:204)
	at org.testng.remote.RemoteTestNG.main(RemoteTestNG.java:175)
]]>
            </full-stacktrace>
          </exception> <!-- java.lang.AssertionError -->
          <reporter-output>
          </reporter-output>
        </test-method> <!-- runningCode_outputsExpectedTest -->
        <test-method status="PASS" signature="deleteTempDir()[pri:0, instance:dhbw.dev.compiler.CompilerTest@6f79caec]" name="deleteTempDir" is-config="true" duration-ms="1" started-at="2014-05-04T15:16:07Z" finished-at="2014-05-04T15:16:07Z">
          <reporter-output>
          </reporter-output>
        </test-method> <!-- deleteTempDir -->
        <test-method status="PASS" signature="createTempDir()[pri:0, instance:dhbw.dev.compiler.CompilerTest@6f79caec]" name="createTempDir" is-config="true" duration-ms="1" started-at="2014-05-04T15:16:07Z" finished-at="2014-05-04T15:16:07Z">
          <reporter-output>
          </reporter-output>
        </test-method> <!-- createTempDir -->
        <test-method status="FAIL" signature="runningCode_outputsExpectedTest(java.lang.String, java.lang.String)[pri:0, instance:dhbw.dev.compiler.CompilerTest@6f79caec]" name="runningCode_outputsExpectedTest" duration-ms="74" started-at="2014-05-04T15:16:07Z" data-provider="provide_code_expectedText" finished-at="2014-05-04T15:16:07Z">
          <params>
            <param index="0">
              <value>
                <![CDATA[!main {
	%%intToDouble = %%~1337;
	cmd < %%intToDouble;
	
	$intToBool = $~42;
	cmd < $intToBool;
	
	§intToString = §~1421;
	cmd < §intToString;
	
	cmd < "";
	
	#someDoubleToInt = #~1.3;
	cmd < #someDoubleToInt;
	
	cmd < "";
	
	#someIntFromString = #~"42";
	cmd < #someIntFromString;
}]]>
              </value>
            </param>
            <param index="1">
              <value>
                <![CDATA[1337.0
true
1421

1

42
]]>
              </value>
            </param>
          </params>
          <exception class="java.lang.AssertionError">
            <message>
              <![CDATA[expected [1337.0
true
1421

1

42
] but found []]]>
            </message>
            <full-stacktrace>
              <![CDATA[java.lang.AssertionError: expected [1337.0
true
1421

1

42
] but found []
	at org.testng.Assert.fail(Assert.java:94)
	at org.testng.Assert.failNotEquals(Assert.java:494)
	at org.testng.Assert.assertEquals(Assert.java:123)
	at org.testng.Assert.assertEquals(Assert.java:176)
	at org.testng.Assert.assertEquals(Assert.java:186)
	at dhbw.dev.compiler.CompilerTest.runningCode_outputsExpectedTest(CompilerTest.java:58)
	at sun.reflect.NativeMethodAccessorImpl.invoke0(Native Method)
	at sun.reflect.NativeMethodAccessorImpl.invoke(Unknown Source)
	at sun.reflect.DelegatingMethodAccessorImpl.invoke(Unknown Source)
	at java.lang.reflect.Method.invoke(Unknown Source)
	at org.testng.internal.MethodInvocationHelper.invokeMethod(MethodInvocationHelper.java:84)
	at org.testng.internal.Invoker.invokeMethod(Invoker.java:714)
	at org.testng.internal.Invoker.invokeTestMethod(Invoker.java:901)
	at org.testng.internal.Invoker.invokeTestMethods(Invoker.java:1231)
	at org.testng.internal.TestMethodWorker.invokeTestMethods(TestMethodWorker.java:127)
	at org.testng.internal.TestMethodWorker.run(TestMethodWorker.java:111)
	at org.testng.TestRunner.privateRun(TestRunner.java:767)
	at org.testng.TestRunner.run(TestRunner.java:617)
	at org.testng.SuiteRunner.runTest(SuiteRunner.java:334)
	at org.testng.SuiteRunner.runSequentially(SuiteRunner.java:329)
	at org.testng.SuiteRunner.privateRun(SuiteRunner.java:291)
	at org.testng.SuiteRunner.run(SuiteRunner.java:240)
	at org.testng.SuiteRunnerWorker.runSuite(SuiteRunnerWorker.java:52)
	at org.testng.SuiteRunnerWorker.run(SuiteRunnerWorker.java:86)
	at org.testng.TestNG.runSuitesSequentially(TestNG.java:1224)
	at org.testng.TestNG.runSuitesLocally(TestNG.java:1149)
	at org.testng.TestNG.run(TestNG.java:1057)
	at org.testng.remote.RemoteTestNG.run(RemoteTestNG.java:111)
	at org.testng.remote.RemoteTestNG.initAndRun(RemoteTestNG.java:204)
	at org.testng.remote.RemoteTestNG.main(RemoteTestNG.java:175)
]]>
            </full-stacktrace>
          </exception> <!-- java.lang.AssertionError -->
          <reporter-output>
          </reporter-output>
        </test-method> <!-- runningCode_outputsExpectedTest -->
        <test-method status="PASS" signature="deleteTempDir()[pri:0, instance:dhbw.dev.compiler.CompilerTest@6f79caec]" name="deleteTempDir" is-config="true" duration-ms="1" started-at="2014-05-04T15:16:07Z" finished-at="2014-05-04T15:16:07Z">
          <reporter-output>
          </reporter-output>
        </test-method> <!-- deleteTempDir -->
        <test-method status="PASS" signature="createTempDir()[pri:0, instance:dhbw.dev.compiler.CompilerTest@6f79caec]" name="createTempDir" is-config="true" duration-ms="0" started-at="2014-05-04T15:16:07Z" finished-at="2014-05-04T15:16:07Z">
          <reporter-output>
          </reporter-output>
        </test-method> <!-- createTempDir -->
        <test-method status="FAIL" signature="runningCode_outputsExpectedTest(java.lang.String, java.lang.String)[pri:0, instance:dhbw.dev.compiler.CompilerTest@6f79caec]" name="runningCode_outputsExpectedTest" duration-ms="74" started-at="2014-05-04T15:16:07Z" data-provider="provide_code_expectedText" finished-at="2014-05-04T15:16:07Z">
          <params>
            <param index="0">
              <value>
                <![CDATA[!main {
	%%someDouble = %%~3;
	cmd < %%someDouble;
	#someInt = #~3.2;
	cmd < %%~#someInt;
}]]>
              </value>
            </param>
            <param index="1">
              <value>
                <![CDATA[3.0
3.0
]]>
              </value>
            </param>
          </params>
          <exception class="java.lang.AssertionError">
            <message>
              <![CDATA[expected [3.0
3.0
] but found []]]>
            </message>
            <full-stacktrace>
              <![CDATA[java.lang.AssertionError: expected [3.0
3.0
] but found []
	at org.testng.Assert.fail(Assert.java:94)
	at org.testng.Assert.failNotEquals(Assert.java:494)
	at org.testng.Assert.assertEquals(Assert.java:123)
	at org.testng.Assert.assertEquals(Assert.java:176)
	at org.testng.Assert.assertEquals(Assert.java:186)
	at dhbw.dev.compiler.CompilerTest.runningCode_outputsExpectedTest(CompilerTest.java:58)
	at sun.reflect.NativeMethodAccessorImpl.invoke0(Native Method)
	at sun.reflect.NativeMethodAccessorImpl.invoke(Unknown Source)
	at sun.reflect.DelegatingMethodAccessorImpl.invoke(Unknown Source)
	at java.lang.reflect.Method.invoke(Unknown Source)
	at org.testng.internal.MethodInvocationHelper.invokeMethod(MethodInvocationHelper.java:84)
	at org.testng.internal.Invoker.invokeMethod(Invoker.java:714)
	at org.testng.internal.Invoker.invokeTestMethod(Invoker.java:901)
	at org.testng.internal.Invoker.invokeTestMethods(Invoker.java:1231)
	at org.testng.internal.TestMethodWorker.invokeTestMethods(TestMethodWorker.java:127)
	at org.testng.internal.TestMethodWorker.run(TestMethodWorker.java:111)
	at org.testng.TestRunner.privateRun(TestRunner.java:767)
	at org.testng.TestRunner.run(TestRunner.java:617)
	at org.testng.SuiteRunner.runTest(SuiteRunner.java:334)
	at org.testng.SuiteRunner.runSequentially(SuiteRunner.java:329)
	at org.testng.SuiteRunner.privateRun(SuiteRunner.java:291)
	at org.testng.SuiteRunner.run(SuiteRunner.java:240)
	at org.testng.SuiteRunnerWorker.runSuite(SuiteRunnerWorker.java:52)
	at org.testng.SuiteRunnerWorker.run(SuiteRunnerWorker.java:86)
	at org.testng.TestNG.runSuitesSequentially(TestNG.java:1224)
	at org.testng.TestNG.runSuitesLocally(TestNG.java:1149)
	at org.testng.TestNG.run(TestNG.java:1057)
	at org.testng.remote.RemoteTestNG.run(RemoteTestNG.java:111)
	at org.testng.remote.RemoteTestNG.initAndRun(RemoteTestNG.java:204)
	at org.testng.remote.RemoteTestNG.main(RemoteTestNG.java:175)
]]>
            </full-stacktrace>
          </exception> <!-- java.lang.AssertionError -->
          <reporter-output>
          </reporter-output>
        </test-method> <!-- runningCode_outputsExpectedTest -->
        <test-method status="PASS" signature="deleteTempDir()[pri:0, instance:dhbw.dev.compiler.CompilerTest@6f79caec]" name="deleteTempDir" is-config="true" duration-ms="1" started-at="2014-05-04T15:16:07Z" finished-at="2014-05-04T15:16:07Z">
          <reporter-output>
          </reporter-output>
        </test-method> <!-- deleteTempDir -->
        <test-method status="PASS" signature="createTempDir()[pri:0, instance:dhbw.dev.compiler.CompilerTest@6f79caec]" name="createTempDir" is-config="true" duration-ms="1" started-at="2014-05-04T15:16:07Z" finished-at="2014-05-04T15:16:07Z">
          <reporter-output>
          </reporter-output>
        </test-method> <!-- createTempDir -->
        <test-method status="FAIL" signature="runningCode_outputsExpectedTest(java.lang.String, java.lang.String)[pri:0, instance:dhbw.dev.compiler.CompilerTest@6f79caec]" name="runningCode_outputsExpectedTest" duration-ms="75" started-at="2014-05-04T15:16:07Z" data-provider="provide_code_expectedText" finished-at="2014-05-04T15:16:07Z">
          <params>
            <param index="0">
              <value>
                <![CDATA[!main {
	cmd < ?#someFunction(22, true);
	cmd < ?$someFunction(false);
	cmd < 1337;
}

?#someFunction #zahl1 $test {
	return #zahl1+20;
}

?$someFunction $bool {
	return true && $bool;
}]]>
              </value>
            </param>
            <param index="1">
              <value>
                <![CDATA[42
false
1337
]]>
              </value>
            </param>
          </params>
          <exception class="java.lang.AssertionError">
            <message>
              <![CDATA[expected [42
false
1337
] but found []]]>
            </message>
            <full-stacktrace>
              <![CDATA[java.lang.AssertionError: expected [42
false
1337
] but found []
	at org.testng.Assert.fail(Assert.java:94)
	at org.testng.Assert.failNotEquals(Assert.java:494)
	at org.testng.Assert.assertEquals(Assert.java:123)
	at org.testng.Assert.assertEquals(Assert.java:176)
	at org.testng.Assert.assertEquals(Assert.java:186)
	at dhbw.dev.compiler.CompilerTest.runningCode_outputsExpectedTest(CompilerTest.java:58)
	at sun.reflect.NativeMethodAccessorImpl.invoke0(Native Method)
	at sun.reflect.NativeMethodAccessorImpl.invoke(Unknown Source)
	at sun.reflect.DelegatingMethodAccessorImpl.invoke(Unknown Source)
	at java.lang.reflect.Method.invoke(Unknown Source)
	at org.testng.internal.MethodInvocationHelper.invokeMethod(MethodInvocationHelper.java:84)
	at org.testng.internal.Invoker.invokeMethod(Invoker.java:714)
	at org.testng.internal.Invoker.invokeTestMethod(Invoker.java:901)
	at org.testng.internal.Invoker.invokeTestMethods(Invoker.java:1231)
	at org.testng.internal.TestMethodWorker.invokeTestMethods(TestMethodWorker.java:127)
	at org.testng.internal.TestMethodWorker.run(TestMethodWorker.java:111)
	at org.testng.TestRunner.privateRun(TestRunner.java:767)
	at org.testng.TestRunner.run(TestRunner.java:617)
	at org.testng.SuiteRunner.runTest(SuiteRunner.java:334)
	at org.testng.SuiteRunner.runSequentially(SuiteRunner.java:329)
	at org.testng.SuiteRunner.privateRun(SuiteRunner.java:291)
	at org.testng.SuiteRunner.run(SuiteRunner.java:240)
	at org.testng.SuiteRunnerWorker.runSuite(SuiteRunnerWorker.java:52)
	at org.testng.SuiteRunnerWorker.run(SuiteRunnerWorker.java:86)
	at org.testng.TestNG.runSuitesSequentially(TestNG.java:1224)
	at org.testng.TestNG.runSuitesLocally(TestNG.java:1149)
	at org.testng.TestNG.run(TestNG.java:1057)
	at org.testng.remote.RemoteTestNG.run(RemoteTestNG.java:111)
	at org.testng.remote.RemoteTestNG.initAndRun(RemoteTestNG.java:204)
	at org.testng.remote.RemoteTestNG.main(RemoteTestNG.java:175)
]]>
            </full-stacktrace>
          </exception> <!-- java.lang.AssertionError -->
          <reporter-output>
          </reporter-output>
        </test-method> <!-- runningCode_outputsExpectedTest -->
        <test-method status="PASS" signature="deleteTempDir()[pri:0, instance:dhbw.dev.compiler.CompilerTest@6f79caec]" name="deleteTempDir" is-config="true" duration-ms="1" started-at="2014-05-04T15:16:07Z" finished-at="2014-05-04T15:16:07Z">
          <reporter-output>
          </reporter-output>
        </test-method> <!-- deleteTempDir -->
        <test-method status="PASS" signature="createTempDir()[pri:0, instance:dhbw.dev.compiler.CompilerTest@6f79caec]" name="createTempDir" is-config="true" duration-ms="1" started-at="2014-05-04T15:16:07Z" finished-at="2014-05-04T15:16:07Z">
          <reporter-output>
          </reporter-output>
        </test-method> <!-- createTempDir -->
        <test-method status="FAIL" signature="runningCode_outputsExpectedTest(java.lang.String, java.lang.String)[pri:0, instance:dhbw.dev.compiler.CompilerTest@6f79caec]" name="runningCode_outputsExpectedTest" duration-ms="72" started-at="2014-05-04T15:16:07Z" data-provider="provide_code_expectedText" finished-at="2014-05-04T15:16:07Z">
          <params>
            <param index="0">
              <value>
                <![CDATA[!main {
	if( false ) {
		cmd < 1;
	} else {
		cmd < 2;
	}
	if( true ) {
		cmd < 3;
	} else {
		cmd < 4;
	}
	if ( true ) {
		cmd < 5;
	}
	if ( false ) {
		cmd < 6;
	}
	if ( true ) {
		if ( true ) {
			cmd < 7;
		} else {
			cmd < 8;
		}
	}
}]]>
              </value>
            </param>
            <param index="1">
              <value>
                <![CDATA[2
3
5
7
]]>
              </value>
            </param>
          </params>
          <exception class="java.lang.AssertionError">
            <message>
              <![CDATA[expected [2
3
5
7
] but found []]]>
            </message>
            <full-stacktrace>
              <![CDATA[java.lang.AssertionError: expected [2
3
5
7
] but found []
	at org.testng.Assert.fail(Assert.java:94)
	at org.testng.Assert.failNotEquals(Assert.java:494)
	at org.testng.Assert.assertEquals(Assert.java:123)
	at org.testng.Assert.assertEquals(Assert.java:176)
	at org.testng.Assert.assertEquals(Assert.java:186)
	at dhbw.dev.compiler.CompilerTest.runningCode_outputsExpectedTest(CompilerTest.java:58)
	at sun.reflect.NativeMethodAccessorImpl.invoke0(Native Method)
	at sun.reflect.NativeMethodAccessorImpl.invoke(Unknown Source)
	at sun.reflect.DelegatingMethodAccessorImpl.invoke(Unknown Source)
	at java.lang.reflect.Method.invoke(Unknown Source)
	at org.testng.internal.MethodInvocationHelper.invokeMethod(MethodInvocationHelper.java:84)
	at org.testng.internal.Invoker.invokeMethod(Invoker.java:714)
	at org.testng.internal.Invoker.invokeTestMethod(Invoker.java:901)
	at org.testng.internal.Invoker.invokeTestMethods(Invoker.java:1231)
	at org.testng.internal.TestMethodWorker.invokeTestMethods(TestMethodWorker.java:127)
	at org.testng.internal.TestMethodWorker.run(TestMethodWorker.java:111)
	at org.testng.TestRunner.privateRun(TestRunner.java:767)
	at org.testng.TestRunner.run(TestRunner.java:617)
	at org.testng.SuiteRunner.runTest(SuiteRunner.java:334)
	at org.testng.SuiteRunner.runSequentially(SuiteRunner.java:329)
	at org.testng.SuiteRunner.privateRun(SuiteRunner.java:291)
	at org.testng.SuiteRunner.run(SuiteRunner.java:240)
	at org.testng.SuiteRunnerWorker.runSuite(SuiteRunnerWorker.java:52)
	at org.testng.SuiteRunnerWorker.run(SuiteRunnerWorker.java:86)
	at org.testng.TestNG.runSuitesSequentially(TestNG.java:1224)
	at org.testng.TestNG.runSuitesLocally(TestNG.java:1149)
	at org.testng.TestNG.run(TestNG.java:1057)
	at org.testng.remote.RemoteTestNG.run(RemoteTestNG.java:111)
	at org.testng.remote.RemoteTestNG.initAndRun(RemoteTestNG.java:204)
	at org.testng.remote.RemoteTestNG.main(RemoteTestNG.java:175)
]]>
            </full-stacktrace>
          </exception> <!-- java.lang.AssertionError -->
          <reporter-output>
          </reporter-output>
        </test-method> <!-- runningCode_outputsExpectedTest -->
        <test-method status="PASS" signature="deleteTempDir()[pri:0, instance:dhbw.dev.compiler.CompilerTest@6f79caec]" name="deleteTempDir" is-config="true" duration-ms="1" started-at="2014-05-04T15:16:07Z" finished-at="2014-05-04T15:16:07Z">
          <reporter-output>
          </reporter-output>
        </test-method> <!-- deleteTempDir -->
        <test-method status="PASS" signature="createTempDir()[pri:0, instance:dhbw.dev.compiler.CompilerTest@6f79caec]" name="createTempDir" is-config="true" duration-ms="0" started-at="2014-05-04T15:16:07Z" finished-at="2014-05-04T15:16:07Z">
          <reporter-output>
          </reporter-output>
        </test-method> <!-- createTempDir -->
        <test-method status="FAIL" signature="runningCode_outputsExpectedTest(java.lang.String, java.lang.String)[pri:0, instance:dhbw.dev.compiler.CompilerTest@6f79caec]" name="runningCode_outputsExpectedTest" duration-ms="74" started-at="2014-05-04T15:16:07Z" data-provider="provide_code_expectedText" finished-at="2014-05-04T15:16:07Z">
          <params>
            <param index="0">
              <value>
                <![CDATA[!main {
	cmd < true == true ;
	cmd < true == false ;
	cmd < false == true ;
	cmd < false == false ;
}]]>
              </value>
            </param>
            <param index="1">
              <value>
                <![CDATA[true
false
false
true
]]>
              </value>
            </param>
          </params>
          <exception class="java.lang.AssertionError">
            <message>
              <![CDATA[expected [true
false
false
true
] but found []]]>
            </message>
            <full-stacktrace>
              <![CDATA[java.lang.AssertionError: expected [true
false
false
true
] but found []
	at org.testng.Assert.fail(Assert.java:94)
	at org.testng.Assert.failNotEquals(Assert.java:494)
	at org.testng.Assert.assertEquals(Assert.java:123)
	at org.testng.Assert.assertEquals(Assert.java:176)
	at org.testng.Assert.assertEquals(Assert.java:186)
	at dhbw.dev.compiler.CompilerTest.runningCode_outputsExpectedTest(CompilerTest.java:58)
	at sun.reflect.NativeMethodAccessorImpl.invoke0(Native Method)
	at sun.reflect.NativeMethodAccessorImpl.invoke(Unknown Source)
	at sun.reflect.DelegatingMethodAccessorImpl.invoke(Unknown Source)
	at java.lang.reflect.Method.invoke(Unknown Source)
	at org.testng.internal.MethodInvocationHelper.invokeMethod(MethodInvocationHelper.java:84)
	at org.testng.internal.Invoker.invokeMethod(Invoker.java:714)
	at org.testng.internal.Invoker.invokeTestMethod(Invoker.java:901)
	at org.testng.internal.Invoker.invokeTestMethods(Invoker.java:1231)
	at org.testng.internal.TestMethodWorker.invokeTestMethods(TestMethodWorker.java:127)
	at org.testng.internal.TestMethodWorker.run(TestMethodWorker.java:111)
	at org.testng.TestRunner.privateRun(TestRunner.java:767)
	at org.testng.TestRunner.run(TestRunner.java:617)
	at org.testng.SuiteRunner.runTest(SuiteRunner.java:334)
	at org.testng.SuiteRunner.runSequentially(SuiteRunner.java:329)
	at org.testng.SuiteRunner.privateRun(SuiteRunner.java:291)
	at org.testng.SuiteRunner.run(SuiteRunner.java:240)
	at org.testng.SuiteRunnerWorker.runSuite(SuiteRunnerWorker.java:52)
	at org.testng.SuiteRunnerWorker.run(SuiteRunnerWorker.java:86)
	at org.testng.TestNG.runSuitesSequentially(TestNG.java:1224)
	at org.testng.TestNG.runSuitesLocally(TestNG.java:1149)
	at org.testng.TestNG.run(TestNG.java:1057)
	at org.testng.remote.RemoteTestNG.run(RemoteTestNG.java:111)
	at org.testng.remote.RemoteTestNG.initAndRun(RemoteTestNG.java:204)
	at org.testng.remote.RemoteTestNG.main(RemoteTestNG.java:175)
]]>
            </full-stacktrace>
          </exception> <!-- java.lang.AssertionError -->
          <reporter-output>
          </reporter-output>
        </test-method> <!-- runningCode_outputsExpectedTest -->
        <test-method status="PASS" signature="deleteTempDir()[pri:0, instance:dhbw.dev.compiler.CompilerTest@6f79caec]" name="deleteTempDir" is-config="true" duration-ms="1" started-at="2014-05-04T15:16:07Z" finished-at="2014-05-04T15:16:07Z">
          <reporter-output>
          </reporter-output>
        </test-method> <!-- deleteTempDir -->
        <test-method status="FAIL" signature="runningCode_outputsExpectedTest(java.lang.String, java.lang.String)[pri:0, instance:dhbw.dev.compiler.CompilerTest@6f79caec]" name="runningCode_outputsExpectedTest" duration-ms="66" started-at="2014-05-04T15:16:07Z" data-provider="provide_code_expectedText" finished-at="2014-05-04T15:16:07Z">
          <params>
            <param index="0">
              <value>
                <![CDATA[!main {
	cmd < true != true ;
	cmd < true != false ;
	cmd < false != true ;
	cmd < false != false ;
}]]>
              </value>
            </param>
            <param index="1">
              <value>
                <![CDATA[false
true
true
false
]]>
              </value>
            </param>
          </params>
          <exception class="java.lang.AssertionError">
            <message>
              <![CDATA[expected [false
true
true
false
] but found []]]>
            </message>
            <full-stacktrace>
              <![CDATA[java.lang.AssertionError: expected [false
true
true
false
] but found []
	at org.testng.Assert.fail(Assert.java:94)
	at org.testng.Assert.failNotEquals(Assert.java:494)
	at org.testng.Assert.assertEquals(Assert.java:123)
	at org.testng.Assert.assertEquals(Assert.java:176)
	at org.testng.Assert.assertEquals(Assert.java:186)
	at dhbw.dev.compiler.CompilerTest.runningCode_outputsExpectedTest(CompilerTest.java:58)
	at sun.reflect.NativeMethodAccessorImpl.invoke0(Native Method)
	at sun.reflect.NativeMethodAccessorImpl.invoke(Unknown Source)
	at sun.reflect.DelegatingMethodAccessorImpl.invoke(Unknown Source)
	at java.lang.reflect.Method.invoke(Unknown Source)
	at org.testng.internal.MethodInvocationHelper.invokeMethod(MethodInvocationHelper.java:84)
	at org.testng.internal.Invoker.invokeMethod(Invoker.java:714)
	at org.testng.internal.Invoker.invokeTestMethod(Invoker.java:901)
	at org.testng.internal.Invoker.invokeTestMethods(Invoker.java:1231)
	at org.testng.internal.TestMethodWorker.invokeTestMethods(TestMethodWorker.java:127)
	at org.testng.internal.TestMethodWorker.run(TestMethodWorker.java:111)
	at org.testng.TestRunner.privateRun(TestRunner.java:767)
	at org.testng.TestRunner.run(TestRunner.java:617)
	at org.testng.SuiteRunner.runTest(SuiteRunner.java:334)
	at org.testng.SuiteRunner.runSequentially(SuiteRunner.java:329)
	at org.testng.SuiteRunner.privateRun(SuiteRunner.java:291)
	at org.testng.SuiteRunner.run(SuiteRunner.java:240)
	at org.testng.SuiteRunnerWorker.runSuite(SuiteRunnerWorker.java:52)
	at org.testng.SuiteRunnerWorker.run(SuiteRunnerWorker.java:86)
	at org.testng.TestNG.runSuitesSequentially(TestNG.java:1224)
	at org.testng.TestNG.runSuitesLocally(TestNG.java:1149)
	at org.testng.TestNG.run(TestNG.java:1057)
	at org.testng.remote.RemoteTestNG.run(RemoteTestNG.java:111)
	at org.testng.remote.RemoteTestNG.initAndRun(RemoteTestNG.java:204)
	at org.testng.remote.RemoteTestNG.main(RemoteTestNG.java:175)
]]>
            </full-stacktrace>
          </exception> <!-- java.lang.AssertionError -->
          <reporter-output>
          </reporter-output>
        </test-method> <!-- runningCode_outputsExpectedTest -->
        <test-method status="PASS" signature="createTempDir()[pri:0, instance:dhbw.dev.compiler.CompilerTest@6f79caec]" name="createTempDir" is-config="true" duration-ms="0" started-at="2014-05-04T15:16:07Z" finished-at="2014-05-04T15:16:07Z">
          <reporter-output>
          </reporter-output>
        </test-method> <!-- createTempDir -->
        <test-method status="PASS" signature="deleteTempDir()[pri:0, instance:dhbw.dev.compiler.CompilerTest@6f79caec]" name="deleteTempDir" is-config="true" duration-ms="0" started-at="2014-05-04T15:16:07Z" finished-at="2014-05-04T15:16:07Z">
          <reporter-output>
          </reporter-output>
        </test-method> <!-- deleteTempDir -->
        <test-method status="PASS" signature="createTempDir()[pri:0, instance:dhbw.dev.compiler.CompilerTest@6f79caec]" name="createTempDir" is-config="true" duration-ms="0" started-at="2014-05-04T15:16:07Z" finished-at="2014-05-04T15:16:07Z">
          <reporter-output>
          </reporter-output>
        </test-method> <!-- createTempDir -->
        <test-method status="FAIL" signature="runningCode_outputsExpectedTest(java.lang.String, java.lang.String)[pri:0, instance:dhbw.dev.compiler.CompilerTest@6f79caec]" name="runningCode_outputsExpectedTest" duration-ms="73" started-at="2014-05-04T15:16:07Z" data-provider="provide_code_expectedText" finished-at="2014-05-04T15:16:07Z">
          <params>
            <param index="0">
              <value>
                <![CDATA[!main {
	cmd < 42 < 1337 ;
	cmd < 1337 < 42 ;
	cmd < 1337 > 42 ;
	cmd < 42 > 1337 ;
}]]>
              </value>
            </param>
            <param index="1">
              <value>
                <![CDATA[true
false
true
false
]]>
              </value>
            </param>
          </params>
          <exception class="java.lang.AssertionError">
            <message>
              <![CDATA[expected [true
false
true
false
] but found []]]>
            </message>
            <full-stacktrace>
              <![CDATA[java.lang.AssertionError: expected [true
false
true
false
] but found []
	at org.testng.Assert.fail(Assert.java:94)
	at org.testng.Assert.failNotEquals(Assert.java:494)
	at org.testng.Assert.assertEquals(Assert.java:123)
	at org.testng.Assert.assertEquals(Assert.java:176)
	at org.testng.Assert.assertEquals(Assert.java:186)
	at dhbw.dev.compiler.CompilerTest.runningCode_outputsExpectedTest(CompilerTest.java:58)
	at sun.reflect.NativeMethodAccessorImpl.invoke0(Native Method)
	at sun.reflect.NativeMethodAccessorImpl.invoke(Unknown Source)
	at sun.reflect.DelegatingMethodAccessorImpl.invoke(Unknown Source)
	at java.lang.reflect.Method.invoke(Unknown Source)
	at org.testng.internal.MethodInvocationHelper.invokeMethod(MethodInvocationHelper.java:84)
	at org.testng.internal.Invoker.invokeMethod(Invoker.java:714)
	at org.testng.internal.Invoker.invokeTestMethod(Invoker.java:901)
	at org.testng.internal.Invoker.invokeTestMethods(Invoker.java:1231)
	at org.testng.internal.TestMethodWorker.invokeTestMethods(TestMethodWorker.java:127)
	at org.testng.internal.TestMethodWorker.run(TestMethodWorker.java:111)
	at org.testng.TestRunner.privateRun(TestRunner.java:767)
	at org.testng.TestRunner.run(TestRunner.java:617)
	at org.testng.SuiteRunner.runTest(SuiteRunner.java:334)
	at org.testng.SuiteRunner.runSequentially(SuiteRunner.java:329)
	at org.testng.SuiteRunner.privateRun(SuiteRunner.java:291)
	at org.testng.SuiteRunner.run(SuiteRunner.java:240)
	at org.testng.SuiteRunnerWorker.runSuite(SuiteRunnerWorker.java:52)
	at org.testng.SuiteRunnerWorker.run(SuiteRunnerWorker.java:86)
	at org.testng.TestNG.runSuitesSequentially(TestNG.java:1224)
	at org.testng.TestNG.runSuitesLocally(TestNG.java:1149)
	at org.testng.TestNG.run(TestNG.java:1057)
	at org.testng.remote.RemoteTestNG.run(RemoteTestNG.java:111)
	at org.testng.remote.RemoteTestNG.initAndRun(RemoteTestNG.java:204)
	at org.testng.remote.RemoteTestNG.main(RemoteTestNG.java:175)
]]>
            </full-stacktrace>
          </exception> <!-- java.lang.AssertionError -->
          <reporter-output>
          </reporter-output>
        </test-method> <!-- runningCode_outputsExpectedTest -->
        <test-method status="PASS" signature="deleteTempDir()[pri:0, instance:dhbw.dev.compiler.CompilerTest@6f79caec]" name="deleteTempDir" is-config="true" duration-ms="1" started-at="2014-05-04T15:16:07Z" finished-at="2014-05-04T15:16:07Z">
          <reporter-output>
          </reporter-output>
        </test-method> <!-- deleteTempDir -->
        <test-method status="FAIL" signature="runningCode_outputsExpectedTest(java.lang.String, java.lang.String)[pri:0, instance:dhbw.dev.compiler.CompilerTest@6f79caec]" name="runningCode_outputsExpectedTest" duration-ms="78" started-at="2014-05-04T15:16:07Z" data-provider="provide_code_expectedText" finished-at="2014-05-04T15:16:07Z">
          <params>
            <param index="0">
              <value>
                <![CDATA[!main {
	#i=0;
	while (#i < 10) {
		cmd < #i;
		#i = #i+1;
	}
	
	#i = 0;
	do {
		cmd < #i;
		#i = #i +1;
	} while #i < 10;
}]]>
              </value>
            </param>
            <param index="1">
              <value>
                <![CDATA[0
1
2
3
4
5
6
7
8
9
0
1
2
3
4
5
6
7
8
9
]]>
              </value>
            </param>
          </params>
          <exception class="java.lang.AssertionError">
            <message>
              <![CDATA[expected [0
1
2
3
4
5
6
7
8
9
0
1
2
3
4
5
6
7
8
9
] but found []]]>
            </message>
            <full-stacktrace>
              <![CDATA[java.lang.AssertionError: expected [0
1
2
3
4
5
6
7
8
9
0
1
2
3
4
5
6
7
8
9
] but found []
	at org.testng.Assert.fail(Assert.java:94)
	at org.testng.Assert.failNotEquals(Assert.java:494)
	at org.testng.Assert.assertEquals(Assert.java:123)
	at org.testng.Assert.assertEquals(Assert.java:176)
	at org.testng.Assert.assertEquals(Assert.java:186)
	at dhbw.dev.compiler.CompilerTest.runningCode_outputsExpectedTest(CompilerTest.java:58)
	at sun.reflect.NativeMethodAccessorImpl.invoke0(Native Method)
	at sun.reflect.NativeMethodAccessorImpl.invoke(Unknown Source)
	at sun.reflect.DelegatingMethodAccessorImpl.invoke(Unknown Source)
	at java.lang.reflect.Method.invoke(Unknown Source)
	at org.testng.internal.MethodInvocationHelper.invokeMethod(MethodInvocationHelper.java:84)
	at org.testng.internal.Invoker.invokeMethod(Invoker.java:714)
	at org.testng.internal.Invoker.invokeTestMethod(Invoker.java:901)
	at org.testng.internal.Invoker.invokeTestMethods(Invoker.java:1231)
	at org.testng.internal.TestMethodWorker.invokeTestMethods(TestMethodWorker.java:127)
	at org.testng.internal.TestMethodWorker.run(TestMethodWorker.java:111)
	at org.testng.TestRunner.privateRun(TestRunner.java:767)
	at org.testng.TestRunner.run(TestRunner.java:617)
	at org.testng.SuiteRunner.runTest(SuiteRunner.java:334)
	at org.testng.SuiteRunner.runSequentially(SuiteRunner.java:329)
	at org.testng.SuiteRunner.privateRun(SuiteRunner.java:291)
	at org.testng.SuiteRunner.run(SuiteRunner.java:240)
	at org.testng.SuiteRunnerWorker.runSuite(SuiteRunnerWorker.java:52)
	at org.testng.SuiteRunnerWorker.run(SuiteRunnerWorker.java:86)
	at org.testng.TestNG.runSuitesSequentially(TestNG.java:1224)
	at org.testng.TestNG.runSuitesLocally(TestNG.java:1149)
	at org.testng.TestNG.run(TestNG.java:1057)
	at org.testng.remote.RemoteTestNG.run(RemoteTestNG.java:111)
	at org.testng.remote.RemoteTestNG.initAndRun(RemoteTestNG.java:204)
	at org.testng.remote.RemoteTestNG.main(RemoteTestNG.java:175)
]]>
            </full-stacktrace>
          </exception> <!-- java.lang.AssertionError -->
          <reporter-output>
          </reporter-output>
        </test-method> <!-- runningCode_outputsExpectedTest -->
        <test-method status="PASS" signature="createTempDir()[pri:0, instance:dhbw.dev.compiler.CompilerTest@6f79caec]" name="createTempDir" is-config="true" duration-ms="0" started-at="2014-05-04T15:16:07Z" finished-at="2014-05-04T15:16:07Z">
          <reporter-output>
          </reporter-output>
        </test-method> <!-- createTempDir -->
        <test-method status="PASS" signature="deleteTempDir()[pri:0, instance:dhbw.dev.compiler.CompilerTest@6f79caec]" name="deleteTempDir" is-config="true" duration-ms="1" started-at="2014-05-04T15:16:07Z" finished-at="2014-05-04T15:16:07Z">
          <reporter-output>
          </reporter-output>
        </test-method> <!-- deleteTempDir -->
        <test-method status="FAIL" signature="runningCode_outputsExpectedTest(java.lang.String, java.lang.String)[pri:0, instance:dhbw.dev.compiler.CompilerTest@6f79caec]" name="runningCode_outputsExpectedTest" duration-ms="65" started-at="2014-05-04T15:16:07Z" data-provider="provide_code_expectedText" finished-at="2014-05-04T15:16:07Z">
          <params>
            <param index="0">
              <value>
                <![CDATA[!main {
	!someMethod();
	!someMethod (43, true);
}

!someMethod #test $test2 {
	cmd < 1337;
}

!someMethod {
	cmd < 42;
}]]>
              </value>
            </param>
            <param index="1">
              <value>
                <![CDATA[42
1337
]]>
              </value>
            </param>
          </params>
          <exception class="java.lang.AssertionError">
            <message>
              <![CDATA[expected [42
1337
] but found []]]>
            </message>
            <full-stacktrace>
              <![CDATA[java.lang.AssertionError: expected [42
1337
] but found []
	at org.testng.Assert.fail(Assert.java:94)
	at org.testng.Assert.failNotEquals(Assert.java:494)
	at org.testng.Assert.assertEquals(Assert.java:123)
	at org.testng.Assert.assertEquals(Assert.java:176)
	at org.testng.Assert.assertEquals(Assert.java:186)
	at dhbw.dev.compiler.CompilerTest.runningCode_outputsExpectedTest(CompilerTest.java:58)
	at sun.reflect.NativeMethodAccessorImpl.invoke0(Native Method)
	at sun.reflect.NativeMethodAccessorImpl.invoke(Unknown Source)
	at sun.reflect.DelegatingMethodAccessorImpl.invoke(Unknown Source)
	at java.lang.reflect.Method.invoke(Unknown Source)
	at org.testng.internal.MethodInvocationHelper.invokeMethod(MethodInvocationHelper.java:84)
	at org.testng.internal.Invoker.invokeMethod(Invoker.java:714)
	at org.testng.internal.Invoker.invokeTestMethod(Invoker.java:901)
	at org.testng.internal.Invoker.invokeTestMethods(Invoker.java:1231)
	at org.testng.internal.TestMethodWorker.invokeTestMethods(TestMethodWorker.java:127)
	at org.testng.internal.TestMethodWorker.run(TestMethodWorker.java:111)
	at org.testng.TestRunner.privateRun(TestRunner.java:767)
	at org.testng.TestRunner.run(TestRunner.java:617)
	at org.testng.SuiteRunner.runTest(SuiteRunner.java:334)
	at org.testng.SuiteRunner.runSequentially(SuiteRunner.java:329)
	at org.testng.SuiteRunner.privateRun(SuiteRunner.java:291)
	at org.testng.SuiteRunner.run(SuiteRunner.java:240)
	at org.testng.SuiteRunnerWorker.runSuite(SuiteRunnerWorker.java:52)
	at org.testng.SuiteRunnerWorker.run(SuiteRunnerWorker.java:86)
	at org.testng.TestNG.runSuitesSequentially(TestNG.java:1224)
	at org.testng.TestNG.runSuitesLocally(TestNG.java:1149)
	at org.testng.TestNG.run(TestNG.java:1057)
	at org.testng.remote.RemoteTestNG.run(RemoteTestNG.java:111)
	at org.testng.remote.RemoteTestNG.initAndRun(RemoteTestNG.java:204)
	at org.testng.remote.RemoteTestNG.main(RemoteTestNG.java:175)
]]>
            </full-stacktrace>
          </exception> <!-- java.lang.AssertionError -->
          <reporter-output>
          </reporter-output>
        </test-method> <!-- runningCode_outputsExpectedTest -->
        <test-method status="PASS" signature="createTempDir()[pri:0, instance:dhbw.dev.compiler.CompilerTest@6f79caec]" name="createTempDir" is-config="true" duration-ms="0" started-at="2014-05-04T15:16:07Z" finished-at="2014-05-04T15:16:07Z">
          <reporter-output>
          </reporter-output>
        </test-method> <!-- createTempDir -->
        <test-method status="PASS" signature="deleteTempDir()[pri:0, instance:dhbw.dev.compiler.CompilerTest@6f79caec]" name="deleteTempDir" is-config="true" duration-ms="1" started-at="2014-05-04T15:16:07Z" finished-at="2014-05-04T15:16:07Z">
          <reporter-output>
          </reporter-output>
        </test-method> <!-- deleteTempDir -->
        <test-method status="PASS" signature="createTempDir()[pri:0, instance:dhbw.dev.compiler.CompilerTest@6f79caec]" name="createTempDir" is-config="true" duration-ms="1" started-at="2014-05-04T15:16:07Z" finished-at="2014-05-04T15:16:07Z">
          <reporter-output>
          </reporter-output>
        </test-method> <!-- createTempDir -->
        <test-method status="FAIL" signature="runningCode_outputsExpectedTest(java.lang.String, java.lang.String)[pri:0, instance:dhbw.dev.compiler.CompilerTest@6f79caec]" name="runningCode_outputsExpectedTest" duration-ms="81" started-at="2014-05-04T15:16:07Z" data-provider="provide_code_expectedText" finished-at="2014-05-04T15:16:08Z">
          <params>
            <param index="0">
              <value>
                <![CDATA[!main {
	cmd < true || true ;
	cmd < true || false ;
	cmd < false || true ;
	cmd < false || false ;
}]]>
              </value>
            </param>
            <param index="1">
              <value>
                <![CDATA[true
true
true
false
]]>
              </value>
            </param>
          </params>
          <exception class="java.lang.AssertionError">
            <message>
              <![CDATA[expected [true
true
true
false
] but found []]]>
            </message>
            <full-stacktrace>
              <![CDATA[java.lang.AssertionError: expected [true
true
true
false
] but found []
	at org.testng.Assert.fail(Assert.java:94)
	at org.testng.Assert.failNotEquals(Assert.java:494)
	at org.testng.Assert.assertEquals(Assert.java:123)
	at org.testng.Assert.assertEquals(Assert.java:176)
	at org.testng.Assert.assertEquals(Assert.java:186)
	at dhbw.dev.compiler.CompilerTest.runningCode_outputsExpectedTest(CompilerTest.java:58)
	at sun.reflect.NativeMethodAccessorImpl.invoke0(Native Method)
	at sun.reflect.NativeMethodAccessorImpl.invoke(Unknown Source)
	at sun.reflect.DelegatingMethodAccessorImpl.invoke(Unknown Source)
	at java.lang.reflect.Method.invoke(Unknown Source)
	at org.testng.internal.MethodInvocationHelper.invokeMethod(MethodInvocationHelper.java:84)
	at org.testng.internal.Invoker.invokeMethod(Invoker.java:714)
	at org.testng.internal.Invoker.invokeTestMethod(Invoker.java:901)
	at org.testng.internal.Invoker.invokeTestMethods(Invoker.java:1231)
	at org.testng.internal.TestMethodWorker.invokeTestMethods(TestMethodWorker.java:127)
	at org.testng.internal.TestMethodWorker.run(TestMethodWorker.java:111)
	at org.testng.TestRunner.privateRun(TestRunner.java:767)
	at org.testng.TestRunner.run(TestRunner.java:617)
	at org.testng.SuiteRunner.runTest(SuiteRunner.java:334)
	at org.testng.SuiteRunner.runSequentially(SuiteRunner.java:329)
	at org.testng.SuiteRunner.privateRun(SuiteRunner.java:291)
	at org.testng.SuiteRunner.run(SuiteRunner.java:240)
	at org.testng.SuiteRunnerWorker.runSuite(SuiteRunnerWorker.java:52)
	at org.testng.SuiteRunnerWorker.run(SuiteRunnerWorker.java:86)
	at org.testng.TestNG.runSuitesSequentially(TestNG.java:1224)
	at org.testng.TestNG.runSuitesLocally(TestNG.java:1149)
	at org.testng.TestNG.run(TestNG.java:1057)
	at org.testng.remote.RemoteTestNG.run(RemoteTestNG.java:111)
	at org.testng.remote.RemoteTestNG.initAndRun(RemoteTestNG.java:204)
	at org.testng.remote.RemoteTestNG.main(RemoteTestNG.java:175)
]]>
            </full-stacktrace>
          </exception> <!-- java.lang.AssertionError -->
          <reporter-output>
          </reporter-output>
        </test-method> <!-- runningCode_outputsExpectedTest -->
        <test-method status="PASS" signature="deleteTempDir()[pri:0, instance:dhbw.dev.compiler.CompilerTest@6f79caec]" name="deleteTempDir" is-config="true" duration-ms="1" started-at="2014-05-04T15:16:08Z" finished-at="2014-05-04T15:16:08Z">
          <reporter-output>
          </reporter-output>
        </test-method> <!-- deleteTempDir -->
        <test-method status="FAIL" signature="runningCode_outputsExpectedTest(java.lang.String, java.lang.String)[pri:0, instance:dhbw.dev.compiler.CompilerTest@6f79caec]" name="runningCode_outputsExpectedTest" duration-ms="112" started-at="2014-05-04T15:16:08Z" data-provider="provide_code_expectedText" finished-at="2014-05-04T15:16:08Z">
          <params>
            <param index="0">
              <value>
                <![CDATA[!main {
	cmd < true;
	cmd < 42;
	#someInt = 1337;
	cmd < #someInt;
}]]>
              </value>
            </param>
            <param index="1">
              <value>
                <![CDATA[true
42
1337
]]>
              </value>
            </param>
          </params>
          <exception class="java.lang.AssertionError">
            <message>
              <![CDATA[expected [true
42
1337
] but found []]]>
            </message>
            <full-stacktrace>
              <![CDATA[java.lang.AssertionError: expected [true
42
1337
] but found []
	at org.testng.Assert.fail(Assert.java:94)
	at org.testng.Assert.failNotEquals(Assert.java:494)
	at org.testng.Assert.assertEquals(Assert.java:123)
	at org.testng.Assert.assertEquals(Assert.java:176)
	at org.testng.Assert.assertEquals(Assert.java:186)
	at dhbw.dev.compiler.CompilerTest.runningCode_outputsExpectedTest(CompilerTest.java:58)
	at sun.reflect.NativeMethodAccessorImpl.invoke0(Native Method)
	at sun.reflect.NativeMethodAccessorImpl.invoke(Unknown Source)
	at sun.reflect.DelegatingMethodAccessorImpl.invoke(Unknown Source)
	at java.lang.reflect.Method.invoke(Unknown Source)
	at org.testng.internal.MethodInvocationHelper.invokeMethod(MethodInvocationHelper.java:84)
	at org.testng.internal.Invoker.invokeMethod(Invoker.java:714)
	at org.testng.internal.Invoker.invokeTestMethod(Invoker.java:901)
	at org.testng.internal.Invoker.invokeTestMethods(Invoker.java:1231)
	at org.testng.internal.TestMethodWorker.invokeTestMethods(TestMethodWorker.java:127)
	at org.testng.internal.TestMethodWorker.run(TestMethodWorker.java:111)
	at org.testng.TestRunner.privateRun(TestRunner.java:767)
	at org.testng.TestRunner.run(TestRunner.java:617)
	at org.testng.SuiteRunner.runTest(SuiteRunner.java:334)
	at org.testng.SuiteRunner.runSequentially(SuiteRunner.java:329)
	at org.testng.SuiteRunner.privateRun(SuiteRunner.java:291)
	at org.testng.SuiteRunner.run(SuiteRunner.java:240)
	at org.testng.SuiteRunnerWorker.runSuite(SuiteRunnerWorker.java:52)
	at org.testng.SuiteRunnerWorker.run(SuiteRunnerWorker.java:86)
	at org.testng.TestNG.runSuitesSequentially(TestNG.java:1224)
	at org.testng.TestNG.runSuitesLocally(TestNG.java:1149)
	at org.testng.TestNG.run(TestNG.java:1057)
	at org.testng.remote.RemoteTestNG.run(RemoteTestNG.java:111)
	at org.testng.remote.RemoteTestNG.initAndRun(RemoteTestNG.java:204)
	at org.testng.remote.RemoteTestNG.main(RemoteTestNG.java:175)
]]>
            </full-stacktrace>
          </exception> <!-- java.lang.AssertionError -->
          <reporter-output>
          </reporter-output>
        </test-method> <!-- runningCode_outputsExpectedTest -->
        <test-method status="PASS" signature="createTempDir()[pri:0, instance:dhbw.dev.compiler.CompilerTest@6f79caec]" name="createTempDir" is-config="true" duration-ms="0" started-at="2014-05-04T15:16:08Z" finished-at="2014-05-04T15:16:08Z">
          <reporter-output>
          </reporter-output>
        </test-method> <!-- createTempDir -->
        <test-method status="PASS" signature="deleteTempDir()[pri:0, instance:dhbw.dev.compiler.CompilerTest@6f79caec]" name="deleteTempDir" is-config="true" duration-ms="1" started-at="2014-05-04T15:16:08Z" finished-at="2014-05-04T15:16:08Z">
          <reporter-output>
          </reporter-output>
        </test-method> <!-- deleteTempDir -->
        <test-method status="FAIL" signature="runningCode_outputsExpectedTest(java.lang.String, java.lang.String)[pri:0, instance:dhbw.dev.compiler.CompilerTest@6f79caec]" name="runningCode_outputsExpectedTest" duration-ms="80" started-at="2014-05-04T15:16:08Z" data-provider="provide_code_expectedText" finished-at="2014-05-04T15:16:08Z">
          <params>
            <param index="0">
              <value>
                <![CDATA[!main {
	§someString = "Hallo Welt";
	cmd < §someString."!";
	cmd < §someString.§~1;
}]]>
              </value>
            </param>
            <param index="1">
              <value>
                <![CDATA[Hallo Welt!
Hallo Welt1
]]>
              </value>
            </param>
          </params>
          <exception class="java.lang.AssertionError">
            <message>
              <![CDATA[expected [Hallo Welt!
Hallo Welt1
] but found []]]>
            </message>
            <full-stacktrace>
              <![CDATA[java.lang.AssertionError: expected [Hallo Welt!
Hallo Welt1
] but found []
	at org.testng.Assert.fail(Assert.java:94)
	at org.testng.Assert.failNotEquals(Assert.java:494)
	at org.testng.Assert.assertEquals(Assert.java:123)
	at org.testng.Assert.assertEquals(Assert.java:176)
	at org.testng.Assert.assertEquals(Assert.java:186)
	at dhbw.dev.compiler.CompilerTest.runningCode_outputsExpectedTest(CompilerTest.java:58)
	at sun.reflect.NativeMethodAccessorImpl.invoke0(Native Method)
	at sun.reflect.NativeMethodAccessorImpl.invoke(Unknown Source)
	at sun.reflect.DelegatingMethodAccessorImpl.invoke(Unknown Source)
	at java.lang.reflect.Method.invoke(Unknown Source)
	at org.testng.internal.MethodInvocationHelper.invokeMethod(MethodInvocationHelper.java:84)
	at org.testng.internal.Invoker.invokeMethod(Invoker.java:714)
	at org.testng.internal.Invoker.invokeTestMethod(Invoker.java:901)
	at org.testng.internal.Invoker.invokeTestMethods(Invoker.java:1231)
	at org.testng.internal.TestMethodWorker.invokeTestMethods(TestMethodWorker.java:127)
	at org.testng.internal.TestMethodWorker.run(TestMethodWorker.java:111)
	at org.testng.TestRunner.privateRun(TestRunner.java:767)
	at org.testng.TestRunner.run(TestRunner.java:617)
	at org.testng.SuiteRunner.runTest(SuiteRunner.java:334)
	at org.testng.SuiteRunner.runSequentially(SuiteRunner.java:329)
	at org.testng.SuiteRunner.privateRun(SuiteRunner.java:291)
	at org.testng.SuiteRunner.run(SuiteRunner.java:240)
	at org.testng.SuiteRunnerWorker.runSuite(SuiteRunnerWorker.java:52)
	at org.testng.SuiteRunnerWorker.run(SuiteRunnerWorker.java:86)
	at org.testng.TestNG.runSuitesSequentially(TestNG.java:1224)
	at org.testng.TestNG.runSuitesLocally(TestNG.java:1149)
	at org.testng.TestNG.run(TestNG.java:1057)
	at org.testng.remote.RemoteTestNG.run(RemoteTestNG.java:111)
	at org.testng.remote.RemoteTestNG.initAndRun(RemoteTestNG.java:204)
	at org.testng.remote.RemoteTestNG.main(RemoteTestNG.java:175)
]]>
            </full-stacktrace>
          </exception> <!-- java.lang.AssertionError -->
          <reporter-output>
          </reporter-output>
        </test-method> <!-- runningCode_outputsExpectedTest -->
        <test-method status="PASS" signature="createTempDir()[pri:0, instance:dhbw.dev.compiler.CompilerTest@6f79caec]" name="createTempDir" is-config="true" duration-ms="0" started-at="2014-05-04T15:16:08Z" finished-at="2014-05-04T15:16:08Z">
          <reporter-output>
          </reporter-output>
        </test-method> <!-- createTempDir -->
        <test-method status="PASS" signature="deleteTempDir()[pri:0, instance:dhbw.dev.compiler.CompilerTest@6f79caec]" name="deleteTempDir" is-config="true" duration-ms="1" started-at="2014-05-04T15:16:08Z" finished-at="2014-05-04T15:16:08Z">
          <reporter-output>
          </reporter-output>
        </test-method> <!-- deleteTempDir -->
        <test-method status="PASS" signature="createTempDir()[pri:0, instance:dhbw.dev.compiler.CompilerTest@6f79caec]" name="createTempDir" is-config="true" duration-ms="0" started-at="2014-05-04T15:16:08Z" finished-at="2014-05-04T15:16:08Z">
          <reporter-output>
          </reporter-output>
        </test-method> <!-- createTempDir -->
        <test-method status="PASS" signature="throws_DublicateFunctionException()[pri:0, instance:dhbw.dev.compiler.CompilerTest@6f79caec]" name="throws_DublicateFunctionException" duration-ms="2" started-at="2014-05-04T15:16:08Z" finished-at="2014-05-04T15:16:08Z">
          <exception class="dhbw.dev.compiler.compiler.exceptions.DublicateFunctionException">
            <message>
              <![CDATA[9:1 redefined function test [] returns VOID]]>
            </message>
            <full-stacktrace>
              <![CDATA[dhbw.dev.compiler.compiler.exceptions.DublicateFunctionException: 9:1 redefined function test [] returns VOID
	at dhbw.dev.compiler.compiler.FunctionDefintitionFinder$1.visitMethod(FunctionDefintitionFinder.java:22)
	at dhbw.dev.compiler.compiler.FunctionDefintitionFinder$1.visitMethod(FunctionDefintitionFinder.java:1)
	at dhbw.dev.compiler.parser.JCParser$MethodContext.accept(JCParser.java:236)
	at org.antlr.v4.runtime.tree.AbstractParseTreeVisitor.visitChildren(AbstractParseTreeVisitor.java:72)
	at dhbw.dev.compiler.parser.JCBaseVisitor.visitStart(JCBaseVisitor.java:501)
	at dhbw.dev.compiler.parser.JCParser$StartContext.accept(JCParser.java:91)
	at org.antlr.v4.runtime.tree.AbstractParseTreeVisitor.visit(AbstractParseTreeVisitor.java:44)
	at dhbw.dev.compiler.compiler.FunctionDefintitionFinder.findFunctions(FunctionDefintitionFinder.java:61)
	at dhbw.dev.compiler.compiler.Main.compile(Main.java:42)
	at dhbw.dev.compiler.CompilerTest.compileAndRun(CompilerTest.java:156)
	at dhbw.dev.compiler.CompilerTest.throws_DublicateFunctionException(CompilerTest.java:79)
	at sun.reflect.NativeMethodAccessorImpl.invoke0(Native Method)
	at sun.reflect.NativeMethodAccessorImpl.invoke(Unknown Source)
	at sun.reflect.DelegatingMethodAccessorImpl.invoke(Unknown Source)
	at java.lang.reflect.Method.invoke(Unknown Source)
	at org.testng.internal.MethodInvocationHelper.invokeMethod(MethodInvocationHelper.java:84)
	at org.testng.internal.Invoker.invokeMethod(Invoker.java:714)
	at org.testng.internal.Invoker.invokeTestMethod(Invoker.java:901)
	at org.testng.internal.Invoker.invokeTestMethods(Invoker.java:1231)
	at org.testng.internal.TestMethodWorker.invokeTestMethods(TestMethodWorker.java:127)
	at org.testng.internal.TestMethodWorker.run(TestMethodWorker.java:111)
	at org.testng.TestRunner.privateRun(TestRunner.java:767)
	at org.testng.TestRunner.run(TestRunner.java:617)
	at org.testng.SuiteRunner.runTest(SuiteRunner.java:334)
	at org.testng.SuiteRunner.runSequentially(SuiteRunner.java:329)
	at org.testng.SuiteRunner.privateRun(SuiteRunner.java:291)
	at org.testng.SuiteRunner.run(SuiteRunner.java:240)
	at org.testng.SuiteRunnerWorker.runSuite(SuiteRunnerWorker.java:52)
	at org.testng.SuiteRunnerWorker.run(SuiteRunnerWorker.java:86)
	at org.testng.TestNG.runSuitesSequentially(TestNG.java:1224)
	at org.testng.TestNG.runSuitesLocally(TestNG.java:1149)
	at org.testng.TestNG.run(TestNG.java:1057)
	at org.testng.remote.RemoteTestNG.run(RemoteTestNG.java:111)
	at org.testng.remote.RemoteTestNG.initAndRun(RemoteTestNG.java:204)
	at org.testng.remote.RemoteTestNG.main(RemoteTestNG.java:175)
]]>
            </full-stacktrace>
          </exception> <!-- dhbw.dev.compiler.compiler.exceptions.DublicateFunctionException -->
          <reporter-output>
          </reporter-output>
        </test-method> <!-- throws_DublicateFunctionException -->
        <test-method status="PASS" signature="deleteTempDir()[pri:0, instance:dhbw.dev.compiler.CompilerTest@6f79caec]" name="deleteTempDir" is-config="true" duration-ms="1" started-at="2014-05-04T15:16:08Z" finished-at="2014-05-04T15:16:08Z">
          <reporter-output>
          </reporter-output>
        </test-method> <!-- deleteTempDir -->
        <test-method status="PASS" signature="createTempDir()[pri:0, instance:dhbw.dev.compiler.CompilerTest@6f79caec]" name="createTempDir" is-config="true" duration-ms="1" started-at="2014-05-04T15:16:08Z" finished-at="2014-05-04T15:16:08Z">
          <reporter-output>
          </reporter-output>
        </test-method> <!-- createTempDir -->
        <test-method status="PASS" signature="throws_RedefinedVariableException()[pri:0, instance:dhbw.dev.compiler.CompilerTest@6f79caec]" name="throws_RedefinedVariableException" duration-ms="1" started-at="2014-05-04T15:16:08Z" finished-at="2014-05-04T15:16:08Z">
          <exception class="dhbw.dev.compiler.compiler.exceptions.RedefinedVariableException">
            <message>
              <![CDATA[3:2 redefined variable <someInt>]]>
            </message>
            <full-stacktrace>
              <![CDATA[dhbw.dev.compiler.compiler.exceptions.RedefinedVariableException: 3:2 redefined variable <someInt>
	at dhbw.dev.compiler.compiler.Scope.putVariable(Scope.java:31)
	at dhbw.dev.compiler.compiler.MyVisitor.visitDeclaration(MyVisitor.java:325)
	at dhbw.dev.compiler.compiler.MyVisitor.visitDeclaration(MyVisitor.java:1)
	at dhbw.dev.compiler.parser.JCParser$DeclarationContext.accept(JCParser.java:1358)
	at org.antlr.v4.runtime.tree.AbstractParseTreeVisitor.visitChildren(AbstractParseTreeVisitor.java:72)
	at dhbw.dev.compiler.parser.JCBaseVisitor.visitCommand(JCBaseVisitor.java:541)
	at dhbw.dev.compiler.parser.JCParser$CommandContext.accept(JCParser.java:1202)
	at org.antlr.v4.runtime.tree.AbstractParseTreeVisitor.visitChildren(AbstractParseTreeVisitor.java:72)
	at dhbw.dev.compiler.parser.JCBaseVisitor.visitInnerMethod(JCBaseVisitor.java:197)
	at dhbw.dev.compiler.parser.JCParser$InnerMethodContext.accept(JCParser.java:949)
	at org.antlr.v4.runtime.tree.AbstractParseTreeVisitor.visit(AbstractParseTreeVisitor.java:44)
	at dhbw.dev.compiler.compiler.MyVisitor.visitMainMethod(MyVisitor.java:106)
	at dhbw.dev.compiler.compiler.MyVisitor.visitMainMethod(MyVisitor.java:1)
	at dhbw.dev.compiler.parser.JCParser$MainMethodContext.accept(JCParser.java:184)
	at org.antlr.v4.runtime.tree.AbstractParseTreeVisitor.visitChildren(AbstractParseTreeVisitor.java:72)
	at dhbw.dev.compiler.compiler.MyVisitor.visitStart(MyVisitor.java:99)
	at dhbw.dev.compiler.compiler.MyVisitor.visitStart(MyVisitor.java:1)
	at dhbw.dev.compiler.parser.JCParser$StartContext.accept(JCParser.java:91)
	at org.antlr.v4.runtime.tree.AbstractParseTreeVisitor.visit(AbstractParseTreeVisitor.java:44)
	at dhbw.dev.compiler.compiler.Main.compile(Main.java:43)
	at dhbw.dev.compiler.CompilerTest.compileAndRun(CompilerTest.java:156)
	at dhbw.dev.compiler.CompilerTest.throws_RedefinedVariableException(CompilerTest.java:72)
	at sun.reflect.NativeMethodAccessorImpl.invoke0(Native Method)
	at sun.reflect.NativeMethodAccessorImpl.invoke(Unknown Source)
	at sun.reflect.DelegatingMethodAccessorImpl.invoke(Unknown Source)
	at java.lang.reflect.Method.invoke(Unknown Source)
	at org.testng.internal.MethodInvocationHelper.invokeMethod(MethodInvocationHelper.java:84)
	at org.testng.internal.Invoker.invokeMethod(Invoker.java:714)
	at org.testng.internal.Invoker.invokeTestMethod(Invoker.java:901)
	at org.testng.internal.Invoker.invokeTestMethods(Invoker.java:1231)
	at org.testng.internal.TestMethodWorker.invokeTestMethods(TestMethodWorker.java:127)
	at org.testng.internal.TestMethodWorker.run(TestMethodWorker.java:111)
	at org.testng.TestRunner.privateRun(TestRunner.java:767)
	at org.testng.TestRunner.run(TestRunner.java:617)
	at org.testng.SuiteRunner.runTest(SuiteRunner.java:334)
	at org.testng.SuiteRunner.runSequentially(SuiteRunner.java:329)
	at org.testng.SuiteRunner.privateRun(SuiteRunner.java:291)
	at org.testng.SuiteRunner.run(SuiteRunner.java:240)
	at org.testng.SuiteRunnerWorker.runSuite(SuiteRunnerWorker.java:52)
	at org.testng.SuiteRunnerWorker.run(SuiteRunnerWorker.java:86)
	at org.testng.TestNG.runSuitesSequentially(TestNG.java:1224)
	at org.testng.TestNG.runSuitesLocally(TestNG.java:1149)
	at org.testng.TestNG.run(TestNG.java:1057)
	at org.testng.remote.RemoteTestNG.run(RemoteTestNG.java:111)
	at org.testng.remote.RemoteTestNG.initAndRun(RemoteTestNG.java:204)
	at org.testng.remote.RemoteTestNG.main(RemoteTestNG.java:175)
]]>
            </full-stacktrace>
          </exception> <!-- dhbw.dev.compiler.compiler.exceptions.RedefinedVariableException -->
          <reporter-output>
          </reporter-output>
        </test-method> <!-- throws_RedefinedVariableException -->
        <test-method status="PASS" signature="createTempDir()[pri:0, instance:dhbw.dev.compiler.CompilerTest@6f79caec]" name="createTempDir" is-config="true" duration-ms="1" started-at="2014-05-04T15:16:08Z" finished-at="2014-05-04T15:16:08Z">
          <reporter-output>
          </reporter-output>
        </test-method> <!-- createTempDir -->
        <test-method status="PASS" signature="deleteTempDir()[pri:0, instance:dhbw.dev.compiler.CompilerTest@6f79caec]" name="deleteTempDir" is-config="true" duration-ms="0" started-at="2014-05-04T15:16:08Z" finished-at="2014-05-04T15:16:08Z">
          <reporter-output>
          </reporter-output>
        </test-method> <!-- deleteTempDir -->
        <test-method status="PASS" signature="throws_UndeclaredVariableException()[pri:0, instance:dhbw.dev.compiler.CompilerTest@6f79caec]" name="throws_UndeclaredVariableException" duration-ms="0" started-at="2014-05-04T15:16:08Z" finished-at="2014-05-04T15:16:08Z">
          <exception class="dhbw.dev.compiler.compiler.exceptions.UndeclaredVariableException">
            <message>
              <![CDATA[2:8 undeclared variable <someInt>]]>
            </message>
            <full-stacktrace>
              <![CDATA[dhbw.dev.compiler.compiler.exceptions.UndeclaredVariableException: 2:8 undeclared variable <someInt>
	at dhbw.dev.compiler.compiler.Scope.getVariable(Scope.java:43)
	at dhbw.dev.compiler.compiler.MyVisitor.visitVariableInt(MyVisitor.java:419)
	at dhbw.dev.compiler.compiler.MyVisitor.visitVariableInt(MyVisitor.java:1)
	at dhbw.dev.compiler.parser.JCParser$VariableIntContext.accept(JCParser.java:1848)
	at org.antlr.v4.runtime.tree.AbstractParseTreeVisitor.visit(AbstractParseTreeVisitor.java:44)
	at dhbw.dev.compiler.compiler.MyVisitor.visitOutputInt(MyVisitor.java:682)
	at dhbw.dev.compiler.compiler.MyVisitor.visitOutputInt(MyVisitor.java:1)
	at dhbw.dev.compiler.parser.JCParser$OutputIntContext.accept(JCParser.java:2895)
	at org.antlr.v4.runtime.tree.AbstractParseTreeVisitor.visitChildren(AbstractParseTreeVisitor.java:72)
	at dhbw.dev.compiler.parser.JCBaseVisitor.visitCommand(JCBaseVisitor.java:541)
	at dhbw.dev.compiler.parser.JCParser$CommandContext.accept(JCParser.java:1202)
	at org.antlr.v4.runtime.tree.AbstractParseTreeVisitor.visitChildren(AbstractParseTreeVisitor.java:72)
	at dhbw.dev.compiler.parser.JCBaseVisitor.visitInnerMethod(JCBaseVisitor.java:197)
	at dhbw.dev.compiler.parser.JCParser$InnerMethodContext.accept(JCParser.java:949)
	at org.antlr.v4.runtime.tree.AbstractParseTreeVisitor.visit(AbstractParseTreeVisitor.java:44)
	at dhbw.dev.compiler.compiler.MyVisitor.visitMainMethod(MyVisitor.java:106)
	at dhbw.dev.compiler.compiler.MyVisitor.visitMainMethod(MyVisitor.java:1)
	at dhbw.dev.compiler.parser.JCParser$MainMethodContext.accept(JCParser.java:184)
	at org.antlr.v4.runtime.tree.AbstractParseTreeVisitor.visitChildren(AbstractParseTreeVisitor.java:72)
	at dhbw.dev.compiler.compiler.MyVisitor.visitStart(MyVisitor.java:99)
	at dhbw.dev.compiler.compiler.MyVisitor.visitStart(MyVisitor.java:1)
	at dhbw.dev.compiler.parser.JCParser$StartContext.accept(JCParser.java:91)
	at org.antlr.v4.runtime.tree.AbstractParseTreeVisitor.visit(AbstractParseTreeVisitor.java:44)
	at dhbw.dev.compiler.compiler.Main.compile(Main.java:43)
	at dhbw.dev.compiler.CompilerTest.compileAndRun(CompilerTest.java:156)
	at dhbw.dev.compiler.CompilerTest.throws_UndeclaredVariableException(CompilerTest.java:65)
	at sun.reflect.NativeMethodAccessorImpl.invoke0(Native Method)
	at sun.reflect.NativeMethodAccessorImpl.invoke(Unknown Source)
	at sun.reflect.DelegatingMethodAccessorImpl.invoke(Unknown Source)
	at java.lang.reflect.Method.invoke(Unknown Source)
	at org.testng.internal.MethodInvocationHelper.invokeMethod(MethodInvocationHelper.java:84)
	at org.testng.internal.Invoker.invokeMethod(Invoker.java:714)
	at org.testng.internal.Invoker.invokeTestMethod(Invoker.java:901)
	at org.testng.internal.Invoker.invokeTestMethods(Invoker.java:1231)
	at org.testng.internal.TestMethodWorker.invokeTestMethods(TestMethodWorker.java:127)
	at org.testng.internal.TestMethodWorker.run(TestMethodWorker.java:111)
	at org.testng.TestRunner.privateRun(TestRunner.java:767)
	at org.testng.TestRunner.run(TestRunner.java:617)
	at org.testng.SuiteRunner.runTest(SuiteRunner.java:334)
	at org.testng.SuiteRunner.runSequentially(SuiteRunner.java:329)
	at org.testng.SuiteRunner.privateRun(SuiteRunner.java:291)
	at org.testng.SuiteRunner.run(SuiteRunner.java:240)
	at org.testng.SuiteRunnerWorker.runSuite(SuiteRunnerWorker.java:52)
	at org.testng.SuiteRunnerWorker.run(SuiteRunnerWorker.java:86)
	at org.testng.TestNG.runSuitesSequentially(TestNG.java:1224)
	at org.testng.TestNG.runSuitesLocally(TestNG.java:1149)
	at org.testng.TestNG.run(TestNG.java:1057)
	at org.testng.remote.RemoteTestNG.run(RemoteTestNG.java:111)
	at org.testng.remote.RemoteTestNG.initAndRun(RemoteTestNG.java:204)
	at org.testng.remote.RemoteTestNG.main(RemoteTestNG.java:175)
]]>
            </full-stacktrace>
          </exception> <!-- dhbw.dev.compiler.compiler.exceptions.UndeclaredVariableException -->
          <reporter-output>
          </reporter-output>
        </test-method> <!-- throws_UndeclaredVariableException -->
        <test-method status="PASS" signature="deleteTempDir()[pri:0, instance:dhbw.dev.compiler.CompilerTest@6f79caec]" name="deleteTempDir" is-config="true" duration-ms="1" started-at="2014-05-04T15:16:08Z" finished-at="2014-05-04T15:16:08Z">
          <reporter-output>
          </reporter-output>
        </test-method> <!-- deleteTempDir -->
        <test-method status="PASS" signature="createTempDir()[pri:0, instance:dhbw.dev.compiler.CompilerTest@6f79caec]" name="createTempDir" is-config="true" duration-ms="1" started-at="2014-05-04T15:16:08Z" finished-at="2014-05-04T15:16:08Z">
          <reporter-output>
          </reporter-output>
        </test-method> <!-- createTempDir -->
        <test-method status="PASS" signature="throws_UndefinedFunctionException()[pri:0, instance:dhbw.dev.compiler.CompilerTest@6f79caec]" name="throws_UndefinedFunctionException" duration-ms="1" started-at="2014-05-04T15:16:08Z" finished-at="2014-05-04T15:16:08Z">
          <exception class="dhbw.dev.compiler.compiler.exceptions.UndefinedFunctionException">
            <message>
              <![CDATA[2:2 call to undefined function test [] returns VOID]]>
            </message>
            <full-stacktrace>
              <![CDATA[dhbw.dev.compiler.compiler.exceptions.UndefinedFunctionException: 2:2 call to undefined function test [] returns VOID
	at dhbw.dev.compiler.compiler.MyVisitor.visitMethodCall(MyVisitor.java:245)
	at dhbw.dev.compiler.compiler.MyVisitor.visitMethodCall(MyVisitor.java:1)
	at dhbw.dev.compiler.parser.JCParser$MethodCallContext.accept(JCParser.java:297)
	at org.antlr.v4.runtime.tree.AbstractParseTreeVisitor.visitChildren(AbstractParseTreeVisitor.java:72)
	at dhbw.dev.compiler.parser.JCBaseVisitor.visitCommand(JCBaseVisitor.java:541)
	at dhbw.dev.compiler.parser.JCParser$CommandContext.accept(JCParser.java:1202)
	at org.antlr.v4.runtime.tree.AbstractParseTreeVisitor.visitChildren(AbstractParseTreeVisitor.java:72)
	at dhbw.dev.compiler.parser.JCBaseVisitor.visitInnerMethod(JCBaseVisitor.java:197)
	at dhbw.dev.compiler.parser.JCParser$InnerMethodContext.accept(JCParser.java:949)
	at org.antlr.v4.runtime.tree.AbstractParseTreeVisitor.visit(AbstractParseTreeVisitor.java:44)
	at dhbw.dev.compiler.compiler.MyVisitor.visitMainMethod(MyVisitor.java:106)
	at dhbw.dev.compiler.compiler.MyVisitor.visitMainMethod(MyVisitor.java:1)
	at dhbw.dev.compiler.parser.JCParser$MainMethodContext.accept(JCParser.java:184)
	at org.antlr.v4.runtime.tree.AbstractParseTreeVisitor.visitChildren(AbstractParseTreeVisitor.java:72)
	at dhbw.dev.compiler.compiler.MyVisitor.visitStart(MyVisitor.java:99)
	at dhbw.dev.compiler.compiler.MyVisitor.visitStart(MyVisitor.java:1)
	at dhbw.dev.compiler.parser.JCParser$StartContext.accept(JCParser.java:91)
	at org.antlr.v4.runtime.tree.AbstractParseTreeVisitor.visit(AbstractParseTreeVisitor.java:44)
	at dhbw.dev.compiler.compiler.Main.compile(Main.java:43)
	at dhbw.dev.compiler.CompilerTest.compileAndRun(CompilerTest.java:156)
	at dhbw.dev.compiler.CompilerTest.throws_UndefinedFunctionException(CompilerTest.java:86)
	at sun.reflect.NativeMethodAccessorImpl.invoke0(Native Method)
	at sun.reflect.NativeMethodAccessorImpl.invoke(Unknown Source)
	at sun.reflect.DelegatingMethodAccessorImpl.invoke(Unknown Source)
	at java.lang.reflect.Method.invoke(Unknown Source)
	at org.testng.internal.MethodInvocationHelper.invokeMethod(MethodInvocationHelper.java:84)
	at org.testng.internal.Invoker.invokeMethod(Invoker.java:714)
	at org.testng.internal.Invoker.invokeTestMethod(Invoker.java:901)
	at org.testng.internal.Invoker.invokeTestMethods(Invoker.java:1231)
	at org.testng.internal.TestMethodWorker.invokeTestMethods(TestMethodWorker.java:127)
	at org.testng.internal.TestMethodWorker.run(TestMethodWorker.java:111)
	at org.testng.TestRunner.privateRun(TestRunner.java:767)
	at org.testng.TestRunner.run(TestRunner.java:617)
	at org.testng.SuiteRunner.runTest(SuiteRunner.java:334)
	at org.testng.SuiteRunner.runSequentially(SuiteRunner.java:329)
	at org.testng.SuiteRunner.privateRun(SuiteRunner.java:291)
	at org.testng.SuiteRunner.run(SuiteRunner.java:240)
	at org.testng.SuiteRunnerWorker.runSuite(SuiteRunnerWorker.java:52)
	at org.testng.SuiteRunnerWorker.run(SuiteRunnerWorker.java:86)
	at org.testng.TestNG.runSuitesSequentially(TestNG.java:1224)
	at org.testng.TestNG.runSuitesLocally(TestNG.java:1149)
	at org.testng.TestNG.run(TestNG.java:1057)
	at org.testng.remote.RemoteTestNG.run(RemoteTestNG.java:111)
	at org.testng.remote.RemoteTestNG.initAndRun(RemoteTestNG.java:204)
	at org.testng.remote.RemoteTestNG.main(RemoteTestNG.java:175)
]]>
            </full-stacktrace>
          </exception> <!-- dhbw.dev.compiler.compiler.exceptions.UndefinedFunctionException -->
          <reporter-output>
          </reporter-output>
        </test-method> <!-- throws_UndefinedFunctionException -->
        <test-method status="PASS" signature="deleteTempDir()[pri:0, instance:dhbw.dev.compiler.CompilerTest@6f79caec]" name="deleteTempDir" is-config="true" duration-ms="1" started-at="2014-05-04T15:16:08Z" finished-at="2014-05-04T15:16:08Z">
          <reporter-output>
          </reporter-output>
        </test-method> <!-- deleteTempDir -->
      </class> <!-- dhbw.dev.compiler.CompilerTest -->
    </test> <!-- Default test -->
  </suite> <!-- Default suite -->
</testng-results>
